{"/home/travis/build/npmtest/node-npmtest-loop-drop/test.js":{"path":"/home/travis/build/npmtest/node-npmtest-loop-drop/test.js","s":{"1":2,"2":2,"3":2,"4":2,"5":2,"6":2,"7":2,"8":1,"9":2,"10":2,"11":1,"12":1,"13":1,"14":1,"15":2,"16":2,"17":2,"18":2,"19":1,"20":1,"21":2,"22":2,"23":2,"24":1,"25":1,"26":1,"27":1,"28":1,"29":1,"30":1,"31":1,"32":1,"33":1,"34":1,"35":1,"36":1,"37":1,"38":1,"39":2,"40":2,"41":1,"42":2,"43":2,"44":1,"45":2,"46":2,"47":1,"48":2,"49":2,"50":1,"51":1,"52":1,"53":1,"54":1},"b":{"1":[2,1,1,1],"2":[1,1,1,1],"3":[1,1],"4":[1,1],"5":[1,1],"6":[1,1],"7":[1,1],"8":[1,1],"9":[1,1],"10":[1,1,1],"11":[1,1],"12":[1,1],"13":[1,1],"14":[1,1],"15":[1,1],"16":[1,1],"17":[1,1]},"f":{"1":2,"2":2,"3":2,"4":2,"5":2,"6":1,"7":1,"8":1,"9":2,"10":2,"11":2,"12":2,"13":1},"fnMap":{"1":{"name":"(anonymous_1)","line":12,"loc":{"start":{"line":12,"column":1},"end":{"line":12,"column":13}}},"2":{"name":"(anonymous_2)","line":19,"loc":{"start":{"line":19,"column":5},"end":{"line":19,"column":17}}},"3":{"name":"(anonymous_3)","line":23,"loc":{"start":{"line":23,"column":24},"end":{"line":23,"column":36}}},"4":{"name":"(anonymous_4)","line":61,"loc":{"start":{"line":61,"column":5},"end":{"line":61,"column":17}}},"5":{"name":"(anonymous_5)","line":82,"loc":{"start":{"line":82,"column":5},"end":{"line":82,"column":17}}},"6":{"name":"(anonymous_6)","line":91,"loc":{"start":{"line":91,"column":77},"end":{"line":94,"column":10}}},"7":{"name":"(anonymous_7)","line":112,"loc":{"start":{"line":112,"column":83},"end":{"line":115,"column":10}},"skip":true},"8":{"name":"(anonymous_8)","line":123,"loc":{"start":{"line":123,"column":77},"end":{"line":126,"column":10}},"skip":true},"9":{"name":"(anonymous_9)","line":139,"loc":{"start":{"line":139,"column":12},"end":{"line":139,"column":40}},"skip":true},"10":{"name":"(anonymous_10)","line":147,"loc":{"start":{"line":147,"column":77},"end":{"line":150,"column":10}},"skip":true},"11":{"name":"(anonymous_11)","line":158,"loc":{"start":{"line":158,"column":83},"end":{"line":161,"column":10}},"skip":true},"12":{"name":"(anonymous_12)","line":169,"loc":{"start":{"line":169,"column":79},"end":{"line":172,"column":10}},"skip":true},"13":{"name":"(anonymous_13)","line":180,"loc":{"start":{"line":180,"column":75},"end":{"line":183,"column":10}},"skip":true}},"statementMap":{"1":{"start":{"line":12,"column":0},"end":{"line":195,"column":5}},"2":{"start":{"line":14,"column":4},"end":{"line":14,"column":14}},"3":{"start":{"line":19,"column":4},"end":{"line":56,"column":9}},"4":{"start":{"line":21,"column":8},"end":{"line":21,"column":19}},"5":{"start":{"line":23,"column":8},"end":{"line":35,"column":13}},"6":{"start":{"line":24,"column":12},"end":{"line":34,"column":13}},"7":{"start":{"line":25,"column":16},"end":{"line":28,"column":30}},"8":{"start":{"line":30,"column":16},"end":{"line":33,"column":27}},"9":{"start":{"line":37,"column":8},"end":{"line":39,"column":21}},"10":{"start":{"line":40,"column":8},"end":{"line":53,"column":9}},"11":{"start":{"line":43,"column":12},"end":{"line":46,"column":14}},"12":{"start":{"line":47,"column":12},"end":{"line":47,"column":18}},"13":{"start":{"line":50,"column":12},"end":{"line":51,"column":33}},"14":{"start":{"line":52,"column":12},"end":{"line":52,"column":18}},"15":{"start":{"line":55,"column":8},"end":{"line":55,"column":35}},"16":{"start":{"line":61,"column":4},"end":{"line":63,"column":9}},"17":{"start":{"line":62,"column":8},"end":{"line":62,"column":15}},"18":{"start":{"line":64,"column":4},"end":{"line":77,"column":5}},"19":{"start":{"line":70,"column":8},"end":{"line":70,"column":14}},"20":{"start":{"line":76,"column":8},"end":{"line":76,"column":14}},"21":{"start":{"line":82,"column":4},"end":{"line":84,"column":9}},"22":{"start":{"line":83,"column":8},"end":{"line":83,"column":15}},"23":{"start":{"line":85,"column":4},"end":{"line":194,"column":5}},"24":{"start":{"line":91,"column":8},"end":{"line":99,"column":10}},"25":{"start":{"line":98,"column":12},"end":{"line":98,"column":35}},"26":{"start":{"line":102,"column":8},"end":{"line":104,"column":63}},"27":{"start":{"line":105,"column":8},"end":{"line":105,"column":14}},"28":{"start":{"line":112,"column":8},"end":{"line":121,"column":10},"skip":true},"29":{"start":{"line":119,"column":12},"end":{"line":119,"column":55},"skip":true},"30":{"start":{"line":120,"column":12},"end":{"line":120,"column":48},"skip":true},"31":{"start":{"line":123,"column":8},"end":{"line":136,"column":10},"skip":true},"32":{"start":{"line":130,"column":12},"end":{"line":130,"column":76},"skip":true},"33":{"start":{"line":131,"column":12},"end":{"line":131,"column":73},"skip":true},"34":{"start":{"line":132,"column":12},"end":{"line":132,"column":74},"skip":true},"35":{"start":{"line":133,"column":12},"end":{"line":133,"column":79},"skip":true},"36":{"start":{"line":134,"column":12},"end":{"line":134,"column":25},"skip":true},"37":{"start":{"line":135,"column":12},"end":{"line":135,"column":45},"skip":true},"38":{"start":{"line":138,"column":8},"end":{"line":145,"column":14},"skip":true},"39":{"start":{"line":143,"column":16},"end":{"line":143,"column":29},"skip":true},"40":{"start":{"line":144,"column":16},"end":{"line":144,"column":55},"skip":true},"41":{"start":{"line":147,"column":8},"end":{"line":156,"column":10},"skip":true},"42":{"start":{"line":154,"column":12},"end":{"line":154,"column":25},"skip":true},"43":{"start":{"line":155,"column":12},"end":{"line":155,"column":45},"skip":true},"44":{"start":{"line":158,"column":8},"end":{"line":167,"column":10},"skip":true},"45":{"start":{"line":165,"column":12},"end":{"line":165,"column":25},"skip":true},"46":{"start":{"line":166,"column":12},"end":{"line":166,"column":48},"skip":true},"47":{"start":{"line":169,"column":8},"end":{"line":178,"column":10},"skip":true},"48":{"start":{"line":176,"column":12},"end":{"line":176,"column":25},"skip":true},"49":{"start":{"line":177,"column":12},"end":{"line":177,"column":46},"skip":true},"50":{"start":{"line":180,"column":8},"end":{"line":189,"column":10},"skip":true},"51":{"start":{"line":187,"column":12},"end":{"line":187,"column":94},"skip":true},"52":{"start":{"line":188,"column":12},"end":{"line":188,"column":48},"skip":true},"53":{"start":{"line":192,"column":8},"end":{"line":192,"column":35},"skip":true},"54":{"start":{"line":193,"column":8},"end":{"line":193,"column":14},"skip":true}},"branchMap":{"1":{"line":25,"type":"binary-expr","locations":[{"start":{"line":25,"column":23},"end":{"line":25,"column":62}},{"start":{"line":26,"column":20},"end":{"line":26,"column":70}},{"start":{"line":27,"column":20},"end":{"line":27,"column":71}},{"start":{"line":28,"column":20},"end":{"line":28,"column":29}}]},"2":{"line":30,"type":"binary-expr","locations":[{"start":{"line":30,"column":23},"end":{"line":30,"column":37}},{"start":{"line":31,"column":20},"end":{"line":31,"column":61}},{"start":{"line":32,"column":20},"end":{"line":32,"column":70}},{"start":{"line":33,"column":20},"end":{"line":33,"column":26}}]},"3":{"line":37,"type":"cond-expr","locations":[{"start":{"line":38,"column":14},"end":{"line":38,"column":20}},{"start":{"line":39,"column":14},"end":{"line":39,"column":20}}]},"4":{"line":40,"type":"switch","locations":[{"start":{"line":42,"column":8},"end":{"line":47,"column":18}},{"start":{"line":49,"column":8},"end":{"line":52,"column":18}}]},"5":{"line":44,"type":"binary-expr","locations":[{"start":{"line":44,"column":16},"end":{"line":44,"column":44}},{"start":{"line":44,"column":48},"end":{"line":44,"column":66}}]},"6":{"line":50,"type":"binary-expr","locations":[{"start":{"line":50,"column":21},"end":{"line":50,"column":49}},{"start":{"line":50,"column":53},"end":{"line":50,"column":72}}]},"7":{"line":64,"type":"switch","locations":[{"start":{"line":69,"column":4},"end":{"line":70,"column":14}},{"start":{"line":75,"column":4},"end":{"line":76,"column":14}}]},"8":{"line":85,"type":"switch","locations":[{"start":{"line":90,"column":4},"end":{"line":105,"column":14}},{"start":{"line":111,"column":4},"end":{"line":193,"column":14},"skip":true}]},"9":{"line":91,"type":"binary-expr","locations":[{"start":{"line":91,"column":42},"end":{"line":91,"column":73}},{"start":{"line":91,"column":77},"end":{"line":99,"column":9}}]},"10":{"line":102,"type":"binary-expr","locations":[{"start":{"line":102,"column":18},"end":{"line":102,"column":32}},{"start":{"line":103,"column":12},"end":{"line":103,"column":53}},{"start":{"line":104,"column":12},"end":{"line":104,"column":61}}]},"11":{"line":112,"type":"binary-expr","locations":[{"start":{"line":112,"column":45},"end":{"line":112,"column":79},"skip":true},{"start":{"line":112,"column":83},"end":{"line":121,"column":9},"skip":true}]},"12":{"line":123,"type":"binary-expr","locations":[{"start":{"line":123,"column":42},"end":{"line":123,"column":73},"skip":true},{"start":{"line":123,"column":77},"end":{"line":136,"column":9},"skip":true}]},"13":{"line":138,"type":"binary-expr","locations":[{"start":{"line":138,"column":48},"end":{"line":138,"column":85},"skip":true},{"start":{"line":139,"column":12},"end":{"line":145,"column":13},"skip":true}]},"14":{"line":147,"type":"binary-expr","locations":[{"start":{"line":147,"column":42},"end":{"line":147,"column":73},"skip":true},{"start":{"line":147,"column":77},"end":{"line":156,"column":9},"skip":true}]},"15":{"line":158,"type":"binary-expr","locations":[{"start":{"line":158,"column":45},"end":{"line":158,"column":79},"skip":true},{"start":{"line":158,"column":83},"end":{"line":167,"column":9},"skip":true}]},"16":{"line":169,"type":"binary-expr","locations":[{"start":{"line":169,"column":43},"end":{"line":169,"column":75},"skip":true},{"start":{"line":169,"column":79},"end":{"line":178,"column":9},"skip":true}]},"17":{"line":180,"type":"binary-expr","locations":[{"start":{"line":180,"column":41},"end":{"line":180,"column":71},"skip":true},{"start":{"line":180,"column":75},"end":{"line":189,"column":9},"skip":true}]}},"code":["/* istanbul instrument in package npmtest_loop_drop */","/*jslint","    bitwise: true,","    browser: true,","    maxerr: 8,","    maxlen: 96,","    node: true,","    nomen: true,","    regexp: true,","    stupid: true","*/","(function () {","    'use strict';","    var local;","","","","    // run shared js-env code - pre-init","    (function () {","        // init local","        local = {};","        // init modeJs","        local.modeJs = (function () {","            try {","                return typeof navigator.userAgent === 'string' &&","                    typeof document.querySelector('body') === 'object' &&","                    typeof XMLHttpRequest.prototype.open === 'function' &&","                    'browser';","            } catch (errorCaughtBrowser) {","                return module.exports &&","                    typeof process.versions.node === 'string' &&","                    typeof require('http').createServer === 'function' &&","                    'node';","            }","        }());","        // init global","        local.global = local.modeJs === 'browser'","            ? window","            : global;","        switch (local.modeJs) {","        // re-init local from window.local","        case 'browser':","            local = local.global.utility2.objectSetDefault(","                local.global.utility2_rollup || local.global.local,","                local.global.utility2","            );","            break;","        // re-init local from example.js","        case 'node':","            local = (local.global.utility2_rollup || require('utility2'))","                .requireReadme();","            break;","        }","        // export local","        local.global.local = local;","    }());","","","","    // run shared js-env code - function","    (function () {","        return;","    }());","    switch (local.modeJs) {","","","","    // run browser js-env code - function","    case 'browser':","        break;","","","","    // run node js-env code - function","    case 'node':","        break;","    }","","","","    // run shared js-env code - post-init","    (function () {","        return;","    }());","    switch (local.modeJs) {","","","","    // run browser js-env code - post-init","    case 'browser':","        local.testCase_browser_nullCase = local.testCase_browser_nullCase || function (","            options,","            onError","        ) {","        /*","         * this function will test browsers's null-case handling-behavior-behavior","         */","            onError(null, options);","        };","","        // run tests","        local.nop(local.modeTest &&","            document.querySelector('#testRunButton1') &&","            document.querySelector('#testRunButton1').click());","        break;","","","","    // run node js-env code - post-init","    /* istanbul ignore next */","    case 'node':","        local.testCase_buildApidoc_default = local.testCase_buildApidoc_default || function (","            options,","            onError","        ) {","        /*","         * this function will test buildApidoc's default handling-behavior-behavior","         */","            options = { modulePathList: module.paths };","            local.buildApidoc(options, onError);","        };","","        local.testCase_buildApp_default = local.testCase_buildApp_default || function (","            options,","            onError","        ) {","        /*","         * this function will test buildApp's default handling-behavior-behavior","         */","            local.testCase_buildReadme_default(options, local.onErrorThrow);","            local.testCase_buildLib_default(options, local.onErrorThrow);","            local.testCase_buildTest_default(options, local.onErrorThrow);","            local.testCase_buildCustomOrg_default(options, local.onErrorThrow);","            options = [];","            local.buildApp(options, onError);","        };","","        local.testCase_buildCustomOrg_default = local.testCase_buildCustomOrg_default ||","            function (options, onError) {","            /*","             * this function will test buildCustomOrg's default handling-behavior","             */","                options = {};","                local.buildCustomOrg(options, onError);","            };","","        local.testCase_buildLib_default = local.testCase_buildLib_default || function (","            options,","            onError","        ) {","        /*","         * this function will test buildLib's default handling-behavior","         */","            options = {};","            local.buildLib(options, onError);","        };","","        local.testCase_buildReadme_default = local.testCase_buildReadme_default || function (","            options,","            onError","        ) {","        /*","         * this function will test buildReadme's default handling-behavior-behavior","         */","            options = {};","            local.buildReadme(options, onError);","        };","","        local.testCase_buildTest_default = local.testCase_buildTest_default || function (","            options,","            onError","        ) {","        /*","         * this function will test buildTest's default handling-behavior","         */","            options = {};","            local.buildTest(options, onError);","        };","","        local.testCase_webpage_default = local.testCase_webpage_default || function (","            options,","            onError","        ) {","        /*","         * this function will test webpage's default handling-behavior","         */","            options = { modeCoverageMerge: true, url: local.serverLocalHost + '?modeTest=1' };","            local.browserTest(options, onError);","        };","","        // run test-server","        local.testRunServer(local);","        break;","    }","}());",""],"l":{"12":2,"14":2,"19":2,"21":2,"23":2,"24":2,"25":2,"30":1,"37":2,"40":2,"43":1,"47":1,"50":1,"52":1,"55":2,"61":2,"62":2,"64":2,"70":1,"76":1,"82":2,"83":2,"85":2,"91":1,"98":1,"102":1,"105":1,"112":1,"119":1,"120":1,"123":1,"130":1,"131":1,"132":1,"133":1,"134":1,"135":1,"138":1,"143":2,"144":2,"147":1,"154":2,"155":2,"158":1,"165":2,"166":2,"169":1,"176":2,"177":2,"180":1,"187":1,"188":1,"192":1,"193":1}},"/home/travis/build/npmtest/node-npmtest-loop-drop/lib.npmtest_loop_drop.js":{"path":"/home/travis/build/npmtest/node-npmtest-loop-drop/lib.npmtest_loop_drop.js","s":{"1":2,"2":2,"3":2,"4":2,"5":2,"6":2,"7":2,"8":1,"9":2,"10":2,"11":2,"12":2,"13":1,"14":1,"15":1,"16":1},"b":{"1":[2,1,1,1],"2":[1,1,1,1],"3":[1,1],"4":[2,2],"5":[1,1]},"f":{"1":2,"2":2,"3":2},"fnMap":{"1":{"name":"(anonymous_1)","line":12,"loc":{"start":{"line":12,"column":1},"end":{"line":12,"column":13}}},"2":{"name":"(anonymous_2)","line":19,"loc":{"start":{"line":19,"column":5},"end":{"line":19,"column":17}}},"3":{"name":"(anonymous_3)","line":23,"loc":{"start":{"line":23,"column":24},"end":{"line":23,"column":36}}}},"statementMap":{"1":{"start":{"line":12,"column":0},"end":{"line":53,"column":5}},"2":{"start":{"line":14,"column":4},"end":{"line":14,"column":14}},"3":{"start":{"line":19,"column":4},"end":{"line":52,"column":9}},"4":{"start":{"line":21,"column":8},"end":{"line":21,"column":19}},"5":{"start":{"line":23,"column":8},"end":{"line":35,"column":13}},"6":{"start":{"line":24,"column":12},"end":{"line":34,"column":13}},"7":{"start":{"line":25,"column":16},"end":{"line":28,"column":30}},"8":{"start":{"line":30,"column":16},"end":{"line":33,"column":27}},"9":{"start":{"line":37,"column":8},"end":{"line":39,"column":21}},"10":{"start":{"line":41,"column":8},"end":{"line":41,"column":54}},"11":{"start":{"line":43,"column":8},"end":{"line":43,"column":54}},"12":{"start":{"line":45,"column":8},"end":{"line":51,"column":9}},"13":{"start":{"line":46,"column":12},"end":{"line":46,"column":60}},"14":{"start":{"line":48,"column":12},"end":{"line":48,"column":35}},"15":{"start":{"line":49,"column":12},"end":{"line":49,"column":49}},"16":{"start":{"line":50,"column":12},"end":{"line":50,"column":43}}},"branchMap":{"1":{"line":25,"type":"binary-expr","locations":[{"start":{"line":25,"column":23},"end":{"line":25,"column":62}},{"start":{"line":26,"column":20},"end":{"line":26,"column":70}},{"start":{"line":27,"column":20},"end":{"line":27,"column":71}},{"start":{"line":28,"column":20},"end":{"line":28,"column":29}}]},"2":{"line":30,"type":"binary-expr","locations":[{"start":{"line":30,"column":23},"end":{"line":30,"column":37}},{"start":{"line":31,"column":20},"end":{"line":31,"column":61}},{"start":{"line":32,"column":20},"end":{"line":32,"column":70}},{"start":{"line":33,"column":20},"end":{"line":33,"column":26}}]},"3":{"line":37,"type":"cond-expr","locations":[{"start":{"line":38,"column":14},"end":{"line":38,"column":20}},{"start":{"line":39,"column":14},"end":{"line":39,"column":20}}]},"4":{"line":41,"type":"binary-expr","locations":[{"start":{"line":41,"column":16},"end":{"line":41,"column":44}},{"start":{"line":41,"column":48},"end":{"line":41,"column":53}}]},"5":{"line":45,"type":"if","locations":[{"start":{"line":45,"column":8},"end":{"line":45,"column":8}},{"start":{"line":45,"column":8},"end":{"line":45,"column":8}}]}},"code":["/* istanbul instrument in package npmtest_loop_drop */","/*jslint","    bitwise: true,","    browser: true,","    maxerr: 8,","    maxlen: 96,","    node: true,","    nomen: true,","    regexp: true,","    stupid: true","*/","(function () {","    'use strict';","    var local;","","","","    // run shared js-env code - pre-init","    (function () {","        // init local","        local = {};","        // init modeJs","        local.modeJs = (function () {","            try {","                return typeof navigator.userAgent === 'string' &&","                    typeof document.querySelector('body') === 'object' &&","                    typeof XMLHttpRequest.prototype.open === 'function' &&","                    'browser';","            } catch (errorCaughtBrowser) {","                return module.exports &&","                    typeof process.versions.node === 'string' &&","                    typeof require('http').createServer === 'function' &&","                    'node';","            }","        }());","        // init global","        local.global = local.modeJs === 'browser'","            ? window","            : global;","        // init utility2_rollup","        local = local.global.utility2_rollup || local;","        // init lib","        local.local = local.npmtest_loop_drop = local;","        // init exports","        if (local.modeJs === 'browser') {","            local.global.utility2_npmtest_loop_drop = local;","        } else {","            module.exports = local;","            module.exports.__dirname = __dirname;","            module.exports.module = module;","        }","    }());","}());",""],"l":{"12":2,"14":2,"19":2,"21":2,"23":2,"24":2,"25":2,"30":1,"37":2,"41":2,"43":2,"45":2,"46":1,"48":1,"49":1,"50":1}},"/home/travis/build/npmtest/node-npmtest-loop-drop/example.js":{"path":"/home/travis/build/npmtest/node-npmtest-loop-drop/example.js","s":{"1":2,"2":2,"3":2,"4":2,"5":2,"6":2,"7":2,"8":1,"9":2,"10":2,"11":2,"12":2,"13":1,"14":2,"15":2,"16":2,"17":2,"18":2,"19":0,"20":2,"21":1,"22":1,"23":1,"24":1,"25":1,"26":0,"27":0,"28":1,"29":1,"30":2,"31":0,"32":0,"33":0,"34":1,"35":2,"36":2,"37":3,"38":3,"39":3,"40":3,"41":0,"42":3,"43":3,"44":3,"45":1,"46":3,"47":1,"48":1,"49":1,"50":1,"51":1,"52":1,"53":1,"54":1,"55":1,"56":1,"57":0,"58":1,"59":6,"60":6,"61":1,"62":2,"63":0,"64":2,"65":1,"66":1,"67":0,"68":0,"69":0,"70":0,"71":0,"72":0,"73":0,"74":0,"75":0,"76":0,"77":0,"78":0,"79":0,"80":0,"81":0,"82":0,"83":0},"b":{"1":[2,1,1,1],"2":[1,1,1,1],"3":[1,1],"4":[2,2],"5":[1,1],"6":[1,1],"7":[2,0],"8":[2,1,1,1,1,1],"9":[0,2,0],"10":[1,1],"11":[2,1,1],"12":[1,0],"13":[0,2],"14":[2,0,0,0,0,0,0],"15":[0,3],"16":[3,0],"17":[1,1],"18":[0,1],"19":[1,2,0,2],"20":[1,0],"21":[1,1],"22":[0,0],"23":[0,0],"24":[0,0],"25":[0,0],"26":[0,0],"27":[0,0],"28":[0,0]},"f":{"1":2,"2":2,"3":2,"4":2,"5":2,"6":2,"7":3,"8":3,"9":3,"10":1,"11":6,"12":0},"fnMap":{"1":{"name":"(anonymous_1)","line":26,"loc":{"start":{"line":26,"column":1},"end":{"line":26,"column":13}}},"2":{"name":"(anonymous_2)","line":33,"loc":{"start":{"line":33,"column":5},"end":{"line":33,"column":17}}},"3":{"name":"(anonymous_3)","line":37,"loc":{"start":{"line":37,"column":24},"end":{"line":37,"column":36}}},"4":{"name":"(anonymous_4)","line":69,"loc":{"start":{"line":69,"column":31},"end":{"line":69,"column":48}},"skip":true},"5":{"name":"(anonymous_5)","line":78,"loc":{"start":{"line":78,"column":26},"end":{"line":78,"column":45}},"skip":true},"6":{"name":"(anonymous_6)","line":123,"loc":{"start":{"line":123,"column":33},"end":{"line":123,"column":48}},"skip":true},"7":{"name":"(anonymous_7)","line":125,"loc":{"start":{"line":125,"column":27},"end":{"line":125,"column":39}},"skip":true},"8":{"name":"(anonymous_8)","line":133,"loc":{"start":{"line":133,"column":59},"end":{"line":133,"column":74}},"skip":true},"9":{"name":"(anonymous_9)","line":143,"loc":{"start":{"line":143,"column":45},"end":{"line":143,"column":62}},"skip":true},"10":{"name":"(anonymous_10)","line":144,"loc":{"start":{"line":144,"column":73},"end":{"line":144,"column":92}},"skip":true},"11":{"name":"(anonymous_11)","line":272,"loc":{"start":{"line":272,"column":51},"end":{"line":272,"column":77}},"skip":true},"12":{"name":"(anonymous_12)","line":315,"loc":{"start":{"line":315,"column":32},"end":{"line":315,"column":61}},"skip":true}},"statementMap":{"1":{"start":{"line":26,"column":0},"end":{"line":326,"column":5}},"2":{"start":{"line":28,"column":4},"end":{"line":28,"column":14}},"3":{"start":{"line":33,"column":4},"end":{"line":60,"column":9}},"4":{"start":{"line":35,"column":8},"end":{"line":35,"column":19}},"5":{"start":{"line":37,"column":8},"end":{"line":49,"column":13}},"6":{"start":{"line":38,"column":12},"end":{"line":48,"column":13}},"7":{"start":{"line":39,"column":16},"end":{"line":42,"column":30}},"8":{"start":{"line":44,"column":16},"end":{"line":47,"column":27}},"9":{"start":{"line":51,"column":8},"end":{"line":53,"column":21}},"10":{"start":{"line":55,"column":8},"end":{"line":57,"column":45}},"11":{"start":{"line":59,"column":8},"end":{"line":59,"column":35}},"12":{"start":{"line":61,"column":4},"end":{"line":325,"column":5}},"13":{"start":{"line":69,"column":8},"end":{"line":121,"column":10},"skip":true},"14":{"start":{"line":70,"column":12},"end":{"line":88,"column":13},"skip":true},"15":{"start":{"line":76,"column":16},"end":{"line":87,"column":19},"skip":true},"16":{"start":{"line":79,"column":20},"end":{"line":86,"column":21},"skip":true},"17":{"start":{"line":82,"column":24},"end":{"line":82,"column":43},"skip":true},"18":{"start":{"line":83,"column":24},"end":{"line":83,"column":30},"skip":true},"19":{"start":{"line":85,"column":24},"end":{"line":85,"column":49},"skip":true},"20":{"start":{"line":89,"column":12},"end":{"line":107,"column":13},"skip":true},"21":{"start":{"line":92,"column":16},"end":{"line":102,"column":17},"skip":true},"22":{"start":{"line":93,"column":20},"end":{"line":93,"column":86},"skip":true},"23":{"start":{"line":94,"column":20},"end":{"line":95,"column":45},"skip":true},"24":{"start":{"line":96,"column":20},"end":{"line":96,"column":42},"skip":true},"25":{"start":{"line":97,"column":20},"end":{"line":97,"column":48},"skip":true},"26":{"start":{"line":100,"column":20},"end":{"line":100,"column":85},"skip":true},"27":{"start":{"line":101,"column":20},"end":{"line":101,"column":96},"skip":true},"28":{"start":{"line":103,"column":16},"end":{"line":103,"column":22},"skip":true},"29":{"start":{"line":106,"column":16},"end":{"line":106,"column":22},"skip":true},"30":{"start":{"line":108,"column":12},"end":{"line":120,"column":13},"skip":true},"31":{"start":{"line":114,"column":16},"end":{"line":119,"column":17},"skip":true},"32":{"start":{"line":116,"column":20},"end":{"line":116,"column":78},"skip":true},"33":{"start":{"line":118,"column":20},"end":{"line":118,"column":47},"skip":true},"34":{"start":{"line":123,"column":8},"end":{"line":141,"column":11},"skip":true},"35":{"start":{"line":124,"column":12},"end":{"line":124,"column":54},"skip":true},"36":{"start":{"line":125,"column":12},"end":{"line":140,"column":14},"skip":true},"37":{"start":{"line":126,"column":16},"end":{"line":126,"column":28},"skip":true},"38":{"start":{"line":127,"column":16},"end":{"line":127,"column":69},"skip":true},"39":{"start":{"line":128,"column":16},"end":{"line":128,"column":75},"skip":true},"40":{"start":{"line":129,"column":16},"end":{"line":131,"column":17},"skip":true},"41":{"start":{"line":130,"column":20},"end":{"line":130,"column":27},"skip":true},"42":{"start":{"line":133,"column":16},"end":{"line":137,"column":36},"skip":true},"43":{"start":{"line":134,"column":20},"end":{"line":136,"column":55},"skip":true},"44":{"start":{"line":139,"column":16},"end":{"line":139,"column":57},"skip":true},"45":{"start":{"line":143,"column":8},"end":{"line":147,"column":11},"skip":true},"46":{"start":{"line":144,"column":12},"end":{"line":146,"column":15},"skip":true},"47":{"start":{"line":145,"column":16},"end":{"line":145,"column":70},"skip":true},"48":{"start":{"line":149,"column":8},"end":{"line":149,"column":31},"skip":true},"49":{"start":{"line":150,"column":8},"end":{"line":150,"column":14},"skip":true},"50":{"start":{"line":158,"column":8},"end":{"line":158,"column":31},"skip":true},"51":{"start":{"line":160,"column":8},"end":{"line":160,"column":33},"skip":true},"52":{"start":{"line":161,"column":8},"end":{"line":161,"column":37},"skip":true},"53":{"start":{"line":162,"column":8},"end":{"line":162,"column":35},"skip":true},"54":{"start":{"line":164,"column":8},"end":{"line":164,"column":50},"skip":true},"55":{"start":{"line":166,"column":8},"end":{"line":256,"column":2},"skip":true},"56":{"start":{"line":258,"column":8},"end":{"line":286,"column":9},"skip":true},"57":{"start":{"line":259,"column":12},"end":{"line":269,"column":14},"skip":true},"58":{"start":{"line":271,"column":12},"end":{"line":285,"column":19},"skip":true},"59":{"start":{"line":274,"column":20},"end":{"line":274,"column":35},"skip":true},"60":{"start":{"line":275,"column":20},"end":{"line":284,"column":21},"skip":true},"61":{"start":{"line":277,"column":24},"end":{"line":277,"column":64},"skip":true},"62":{"start":{"line":279,"column":24},"end":{"line":279,"column":40},"skip":true},"63":{"start":{"line":281,"column":24},"end":{"line":281,"column":40},"skip":true},"64":{"start":{"line":283,"column":24},"end":{"line":283,"column":39},"skip":true},"65":{"start":{"line":288,"column":8},"end":{"line":290,"column":9},"skip":true},"66":{"start":{"line":289,"column":12},"end":{"line":289,"column":18},"skip":true},"67":{"start":{"line":291,"column":8},"end":{"line":293,"column":54},"skip":true},"68":{"start":{"line":296,"column":8},"end":{"line":301,"column":37},"skip":true},"69":{"start":{"line":303,"column":8},"end":{"line":303,"column":82},"skip":true},"70":{"start":{"line":306,"column":8},"end":{"line":308,"column":9},"skip":true},"71":{"start":{"line":307,"column":12},"end":{"line":307,"column":82},"skip":true},"72":{"start":{"line":310,"column":8},"end":{"line":312,"column":9},"skip":true},"73":{"start":{"line":311,"column":12},"end":{"line":311,"column":18},"skip":true},"74":{"start":{"line":313,"column":8},"end":{"line":313,"column":54},"skip":true},"75":{"start":{"line":314,"column":8},"end":{"line":314,"column":69},"skip":true},"76":{"start":{"line":315,"column":8},"end":{"line":323,"column":36},"skip":true},"77":{"start":{"line":316,"column":12},"end":{"line":316,"column":61},"skip":true},"78":{"start":{"line":317,"column":12},"end":{"line":320,"column":13},"skip":true},"79":{"start":{"line":318,"column":16},"end":{"line":318,"column":75},"skip":true},"80":{"start":{"line":319,"column":16},"end":{"line":319,"column":23},"skip":true},"81":{"start":{"line":321,"column":12},"end":{"line":321,"column":38},"skip":true},"82":{"start":{"line":322,"column":12},"end":{"line":322,"column":27},"skip":true},"83":{"start":{"line":324,"column":8},"end":{"line":324,"column":14},"skip":true}},"branchMap":{"1":{"line":39,"type":"binary-expr","locations":[{"start":{"line":39,"column":23},"end":{"line":39,"column":62}},{"start":{"line":40,"column":20},"end":{"line":40,"column":70}},{"start":{"line":41,"column":20},"end":{"line":41,"column":71}},{"start":{"line":42,"column":20},"end":{"line":42,"column":29}}]},"2":{"line":44,"type":"binary-expr","locations":[{"start":{"line":44,"column":23},"end":{"line":44,"column":37}},{"start":{"line":45,"column":20},"end":{"line":45,"column":61}},{"start":{"line":46,"column":20},"end":{"line":46,"column":70}},{"start":{"line":47,"column":20},"end":{"line":47,"column":26}}]},"3":{"line":51,"type":"cond-expr","locations":[{"start":{"line":52,"column":14},"end":{"line":52,"column":20}},{"start":{"line":53,"column":14},"end":{"line":53,"column":20}}]},"4":{"line":55,"type":"binary-expr","locations":[{"start":{"line":55,"column":16},"end":{"line":55,"column":44}},{"start":{"line":55,"column":49},"end":{"line":57,"column":43}}]},"5":{"line":55,"type":"cond-expr","locations":[{"start":{"line":56,"column":14},"end":{"line":56,"column":53}},{"start":{"line":57,"column":14},"end":{"line":57,"column":43}}]},"6":{"line":61,"type":"switch","locations":[{"start":{"line":68,"column":4},"end":{"line":150,"column":14},"skip":true},{"start":{"line":156,"column":4},"end":{"line":324,"column":14},"skip":true}]},"7":{"line":70,"type":"if","locations":[{"start":{"line":70,"column":12},"end":{"line":70,"column":12},"skip":true},{"start":{"line":70,"column":12},"end":{"line":70,"column":12},"skip":true}]},"8":{"line":70,"type":"binary-expr","locations":[{"start":{"line":70,"column":16},"end":{"line":70,"column":22},"skip":true},{"start":{"line":70,"column":27},"end":{"line":70,"column":32},"skip":true},{"start":{"line":71,"column":20},"end":{"line":71,"column":39},"skip":true},{"start":{"line":72,"column":20},"end":{"line":72,"column":49},"skip":true},{"start":{"line":73,"column":20},"end":{"line":73,"column":58},"skip":true},{"start":{"line":74,"column":20},"end":{"line":74,"column":69},"skip":true}]},"9":{"line":79,"type":"switch","locations":[{"start":{"line":80,"column":20},"end":{"line":80,"column":33},"skip":true},{"start":{"line":81,"column":20},"end":{"line":83,"column":30},"skip":true},{"start":{"line":84,"column":20},"end":{"line":85,"column":49},"skip":true}]},"10":{"line":89,"type":"switch","locations":[{"start":{"line":90,"column":12},"end":{"line":103,"column":22},"skip":true},{"start":{"line":105,"column":12},"end":{"line":106,"column":22},"skip":true}]},"11":{"line":89,"type":"binary-expr","locations":[{"start":{"line":89,"column":20},"end":{"line":89,"column":25},"skip":true},{"start":{"line":89,"column":29},"end":{"line":89,"column":48},"skip":true},{"start":{"line":89,"column":52},"end":{"line":89,"column":74},"skip":true}]},"12":{"line":92,"type":"if","locations":[{"start":{"line":92,"column":16},"end":{"line":92,"column":16},"skip":true},{"start":{"line":92,"column":16},"end":{"line":92,"column":16},"skip":true}]},"13":{"line":108,"type":"if","locations":[{"start":{"line":108,"column":12},"end":{"line":108,"column":12},"skip":true},{"start":{"line":108,"column":12},"end":{"line":108,"column":12},"skip":true}]},"14":{"line":108,"type":"binary-expr","locations":[{"start":{"line":108,"column":16},"end":{"line":108,"column":61},"skip":true},{"start":{"line":108,"column":66},"end":{"line":108,"column":72},"skip":true},{"start":{"line":108,"column":77},"end":{"line":108,"column":82},"skip":true},{"start":{"line":109,"column":20},"end":{"line":109,"column":39},"skip":true},{"start":{"line":110,"column":20},"end":{"line":110,"column":49},"skip":true},{"start":{"line":111,"column":20},"end":{"line":111,"column":58},"skip":true},{"start":{"line":112,"column":20},"end":{"line":112,"column":68},"skip":true}]},"15":{"line":129,"type":"if","locations":[{"start":{"line":129,"column":16},"end":{"line":129,"column":16},"skip":true},{"start":{"line":129,"column":16},"end":{"line":129,"column":16},"skip":true}]},"16":{"line":134,"type":"cond-expr","locations":[{"start":{"line":135,"column":26},"end":{"line":135,"column":29},"skip":true},{"start":{"line":136,"column":26},"end":{"line":136,"column":54},"skip":true}]},"17":{"line":164,"type":"binary-expr","locations":[{"start":{"line":164,"column":27},"end":{"line":164,"column":43},"skip":true},{"start":{"line":164,"column":47},"end":{"line":164,"column":49},"skip":true}]},"18":{"line":258,"type":"if","locations":[{"start":{"line":258,"column":8},"end":{"line":258,"column":8},"skip":true},{"start":{"line":258,"column":8},"end":{"line":258,"column":8},"skip":true}]},"19":{"line":275,"type":"switch","locations":[{"start":{"line":276,"column":20},"end":{"line":277,"column":64},"skip":true},{"start":{"line":278,"column":20},"end":{"line":279,"column":40},"skip":true},{"start":{"line":280,"column":20},"end":{"line":281,"column":40},"skip":true},{"start":{"line":282,"column":20},"end":{"line":283,"column":39},"skip":true}]},"20":{"line":288,"type":"if","locations":[{"start":{"line":288,"column":8},"end":{"line":288,"column":8},"skip":true},{"start":{"line":288,"column":8},"end":{"line":288,"column":8},"skip":true}]},"21":{"line":288,"type":"binary-expr","locations":[{"start":{"line":288,"column":12},"end":{"line":288,"column":40},"skip":true},{"start":{"line":288,"column":44},"end":{"line":288,"column":67},"skip":true}]},"22":{"line":292,"type":"binary-expr","locations":[{"start":{"line":292,"column":12},"end":{"line":292,"column":50},"skip":true},{"start":{"line":293,"column":12},"end":{"line":293,"column":53},"skip":true}]},"23":{"line":297,"type":"binary-expr","locations":[{"start":{"line":297,"column":12},"end":{"line":297,"column":67},"skip":true},{"start":{"line":298,"column":12},"end":{"line":301,"column":36},"skip":true}]},"24":{"line":303,"type":"binary-expr","locations":[{"start":{"line":303,"column":43},"end":{"line":303,"column":75},"skip":true},{"start":{"line":303,"column":79},"end":{"line":303,"column":81},"skip":true}]},"25":{"line":306,"type":"if","locations":[{"start":{"line":306,"column":8},"end":{"line":306,"column":8},"skip":true},{"start":{"line":306,"column":8},"end":{"line":306,"column":8},"skip":true}]},"26":{"line":310,"type":"if","locations":[{"start":{"line":310,"column":8},"end":{"line":310,"column":8},"skip":true},{"start":{"line":310,"column":8},"end":{"line":310,"column":8},"skip":true}]},"27":{"line":313,"type":"binary-expr","locations":[{"start":{"line":313,"column":27},"end":{"line":313,"column":43},"skip":true},{"start":{"line":313,"column":47},"end":{"line":313,"column":53},"skip":true}]},"28":{"line":317,"type":"if","locations":[{"start":{"line":317,"column":12},"end":{"line":317,"column":12},"skip":true},{"start":{"line":317,"column":12},"end":{"line":317,"column":12},"skip":true}]}},"code":["/*","example.js","","quickstart example","","instruction","    1. save this script as example.js","    2. run the shell command:","        $ npm install npmtest-loop-drop && PORT=8081 node example.js","    3. play with the browser-demo on http://127.0.0.1:8081","*/","","","","/* istanbul instrument in package npmtest_loop_drop */","/*jslint","    bitwise: true,","    browser: true,","    maxerr: 8,","    maxlen: 96,","    node: true,","    nomen: true,","    regexp: true,","    stupid: true","*/","(function () {","    'use strict';","    var local;","","","","    // run shared js-env code - pre-init","    (function () {","        // init local","        local = {};","        // init modeJs","        local.modeJs = (function () {","            try {","                return typeof navigator.userAgent === 'string' &&","                    typeof document.querySelector('body') === 'object' &&","                    typeof XMLHttpRequest.prototype.open === 'function' &&","                    'browser';","            } catch (errorCaughtBrowser) {","                return module.exports &&","                    typeof process.versions.node === 'string' &&","                    typeof require('http').createServer === 'function' &&","                    'node';","            }","        }());","        // init global","        local.global = local.modeJs === 'browser'","            ? window","            : global;","        // init utility2_rollup","        local = local.global.utility2_rollup || (local.modeJs === 'browser'","            ? local.global.utility2_npmtest_loop_drop","            : global.utility2_moduleExports);","        // export local","        local.global.local = local;","    }());","    switch (local.modeJs) {","","","","    // post-init","    // run browser js-env code - post-init","    /* istanbul ignore next */","    case 'browser':","        local.testRunBrowser = function (event) {","            if (!event || (event &&","                    event.currentTarget &&","                    event.currentTarget.className &&","                    event.currentTarget.className.includes &&","                    event.currentTarget.className.includes('onreset'))) {","                // reset output","                Array.from(","                    document.querySelectorAll('body > .resettable')","                ).forEach(function (element) {","                    switch (element.tagName) {","                    case 'INPUT':","                    case 'TEXTAREA':","                        element.value = '';","                        break;","                    default:","                        element.textContent = '';","                    }","                });","            }","            switch (event && event.currentTarget && event.currentTarget.id) {","            case 'testRunButton1':","                // show tests","                if (document.querySelector('#testReportDiv1').style.display === 'none') {","                    document.querySelector('#testReportDiv1').style.display = 'block';","                    document.querySelector('#testRunButton1').textContent =","                        'hide internal test';","                    local.modeTest = true;","                    local.testRunDefault(local);","                // hide tests","                } else {","                    document.querySelector('#testReportDiv1').style.display = 'none';","                    document.querySelector('#testRunButton1').textContent = 'run internal test';","                }","                break;","            // custom-case","            default:","                break;","            }","            if (document.querySelector('#inputTextareaEval1') && (!event || (event &&","                    event.currentTarget &&","                    event.currentTarget.className &&","                    event.currentTarget.className.includes &&","                    event.currentTarget.className.includes('oneval')))) {","                // try to eval input-code","                try {","                    /*jslint evil: true*/","                    eval(document.querySelector('#inputTextareaEval1').value);","                } catch (errorCaught) {","                    console.error(errorCaught);","                }","            }","        };","        // log stderr and stdout to #outputTextareaStdout1","        ['error', 'log'].forEach(function (key) {","            console[key + '_original'] = console[key];","            console[key] = function () {","                var element;","                console[key + '_original'].apply(console, arguments);","                element = document.querySelector('#outputTextareaStdout1');","                if (!element) {","                    return;","                }","                // append text to #outputTextareaStdout1","                element.value += Array.from(arguments).map(function (arg) {","                    return typeof arg === 'string'","                        ? arg","                        : JSON.stringify(arg, null, 4);","                }).join(' ') + '\\n';","                // scroll textarea to bottom","                element.scrollTop = element.scrollHeight;","            };","        });","        // init event-handling","        ['change', 'click', 'keyup'].forEach(function (event) {","            Array.from(document.querySelectorAll('.on' + event)).forEach(function (element) {","                element.addEventListener(event, local.testRunBrowser);","            });","        });","        // run tests","        local.testRunBrowser();","        break;","","","","    // run node js-env code - post-init","    /* istanbul ignore next */","    case 'node':","        // export local","        module.exports = local;","        // require modules","        local.fs = require('fs');","        local.http = require('http');","        local.url = require('url');","        // init assets","        local.assetsDict = local.assetsDict || {};","        /* jslint-ignore-begin */","        local.assetsDict['/assets.index.template.html'] = '\\","<!doctype html>\\n\\","<html lang=\"en\">\\n\\","<head>\\n\\","<meta charset=\"UTF-8\">\\n\\","<meta name=\"viewport\" content=\"width=device-width, initial-scale=1\">\\n\\","<title>{{env.npm_package_name}} (v{{env.npm_package_version}})</title>\\n\\","<style>\\n\\","/*csslint\\n\\","    box-sizing: false,\\n\\","    universal-selector: false\\n\\","*/\\n\\","* {\\n\\","    box-sizing: border-box;\\n\\","}\\n\\","body {\\n\\","    background: #dde;\\n\\","    font-family: Arial, Helvetica, sans-serif;\\n\\","    margin: 2rem;\\n\\","}\\n\\","body > * {\\n\\","    margin-bottom: 1rem;\\n\\","}\\n\\",".utility2FooterDiv {\\n\\","    margin-top: 20px;\\n\\","    text-align: center;\\n\\","}\\n\\","</style>\\n\\","<style>\\n\\","/*csslint\\n\\","*/\\n\\","textarea {\\n\\","    font-family: monospace;\\n\\","    height: 10rem;\\n\\","    width: 100%;\\n\\","}\\n\\","textarea[readonly] {\\n\\","    background: #ddd;\\n\\","}\\n\\","</style>\\n\\","</head>\\n\\","<body>\\n\\","<!-- utility2-comment\\n\\","<div id=\"ajaxProgressDiv1\" style=\"background: #d00; height: 2px; left: 0; margin: 0; padding: 0; position: fixed; top: 0; transition: background 0.5s, width 1.5s; width: 25%;\"></div>\\n\\","utility2-comment -->\\n\\","<h1>\\n\\","<!-- utility2-comment\\n\\","    <a\\n\\","        {{#if env.npm_package_homepage}}\\n\\","        href=\"{{env.npm_package_homepage}}\"\\n\\","        {{/if env.npm_package_homepage}}\\n\\","        target=\"_blank\"\\n\\","    >\\n\\","utility2-comment -->\\n\\","        {{env.npm_package_name}} (v{{env.npm_package_version}})\\n\\","<!-- utility2-comment\\n\\","    </a>\\n\\","utility2-comment -->\\n\\","</h1>\\n\\","<h3>{{env.npm_package_description}}</h3>\\n\\","<!-- utility2-comment\\n\\","<h4><a download href=\"assets.app.js\">download standalone app</a></h4>\\n\\","<button class=\"onclick onreset\" id=\"testRunButton1\">run internal test</button><br>\\n\\","<div id=\"testReportDiv1\" style=\"display: none;\"></div>\\n\\","utility2-comment -->\\n\\","\\n\\","\\n\\","\\n\\","<label>stderr and stdout</label>\\n\\","<textarea class=\"resettable\" id=\"outputTextareaStdout1\" readonly></textarea>\\n\\","<!-- utility2-comment\\n\\","{{#if isRollup}}\\n\\","<script src=\"assets.app.js\"></script>\\n\\","{{#unless isRollup}}\\n\\","utility2-comment -->\\n\\","<script src=\"assets.utility2.rollup.js\"></script>\\n\\","<script src=\"jsonp.utility2._stateInit?callback=window.utility2._stateInit\"></script>\\n\\","<script src=\"assets.npmtest_loop_drop.rollup.js\"></script>\\n\\","<script src=\"assets.example.js\"></script>\\n\\","<script src=\"assets.test.js\"></script>\\n\\","<!-- utility2-comment\\n\\","{{/if isRollup}}\\n\\","utility2-comment -->\\n\\","<div class=\"utility2FooterDiv\">\\n\\","    [ this app was created with\\n\\","    <a href=\"https://github.com/kaizhu256/node-utility2\" target=\"_blank\">utility2</a>\\n\\","    ]\\n\\","</div>\\n\\","</body>\\n\\","</html>\\n\\","';","        /* jslint-ignore-end */","        if (local.templateRender) {","            local.assetsDict['/'] = local.templateRender(","                local.assetsDict['/assets.index.template.html'],","                {","                    env: local.objectSetDefault(local.env, {","                        npm_package_description: 'the greatest app in the world!',","                        npm_package_name: 'my-app',","                        npm_package_nameAlias: 'my_app',","                        npm_package_version: '0.0.1'","                    })","                }","            );","        } else {","            local.assetsDict['/'] = local.assetsDict['/assets.index.template.html']","                .replace((/\\{\\{env\\.(\\w+?)\\}\\}/g), function (match0, match1) {","                    // jslint-hack","                    String(match0);","                    switch (match1) {","                    case 'npm_package_description':","                        return 'the greatest app in the world!';","                    case 'npm_package_name':","                        return 'my-app';","                    case 'npm_package_nameAlias':","                        return 'my_app';","                    case 'npm_package_version':","                        return '0.0.1';","                    }","                });","        }","        // run the cli","        if (local.global.utility2_rollup || module !== require.main) {","            break;","        }","        local.assetsDict['/assets.example.js'] =","            local.assetsDict['/assets.example.js'] ||","            local.fs.readFileSync(__filename, 'utf8');","        // bug-workaround - long $npm_package_buildCustomOrg","        /* jslint-ignore-begin */","        local.assetsDict['/assets.npmtest_loop_drop.rollup.js'] =","            local.assetsDict['/assets.npmtest_loop_drop.rollup.js'] ||","            local.fs.readFileSync(","                local.npmtest_loop_drop.__dirname + '/lib.npmtest_loop_drop.js',","                'utf8'","            ).replace((/^#!/), '//');","        /* jslint-ignore-end */","        local.assetsDict['/favicon.ico'] = local.assetsDict['/favicon.ico'] || '';","        // if $npm_config_timeout_exit exists,","        // then exit this process after $npm_config_timeout_exit ms","        if (Number(process.env.npm_config_timeout_exit)) {","            setTimeout(process.exit, Number(process.env.npm_config_timeout_exit));","        }","        // start server","        if (local.global.utility2_serverHttp1) {","            break;","        }","        process.env.PORT = process.env.PORT || '8081';","        console.error('server starting on port ' + process.env.PORT);","        local.http.createServer(function (request, response) {","            request.urlParsed = local.url.parse(request.url);","            if (local.assetsDict[request.urlParsed.pathname] !== undefined) {","                response.end(local.assetsDict[request.urlParsed.pathname]);","                return;","            }","            response.statusCode = 404;","            response.end();","        }).listen(process.env.PORT);","        break;","    }","}());",""],"l":{"26":2,"28":2,"33":2,"35":2,"37":2,"38":2,"39":2,"44":1,"51":2,"55":2,"59":2,"61":2,"69":1,"70":2,"76":2,"79":2,"82":2,"83":2,"85":1,"89":2,"92":1,"93":1,"94":1,"96":1,"97":1,"100":1,"101":1,"103":1,"106":1,"108":2,"114":1,"116":1,"118":1,"123":1,"124":2,"125":2,"126":3,"127":3,"128":3,"129":3,"130":1,"133":3,"134":3,"139":3,"143":1,"144":3,"145":1,"149":1,"150":1,"158":1,"160":1,"161":1,"162":1,"164":1,"166":1,"258":1,"259":1,"271":1,"274":6,"275":6,"277":1,"279":2,"281":1,"283":2,"288":1,"289":1,"291":1,"296":1,"303":1,"306":1,"307":1,"310":1,"311":1,"313":1,"314":1,"315":1,"316":1,"317":1,"318":1,"319":1,"321":1,"322":1,"324":1}},"/home/travis/build/npmtest/node-npmtest-loop-drop/node_modules/loop-drop/main.js":{"path":"/home/travis/build/npmtest/node-npmtest-loop-drop/node_modules/loop-drop/main.js","s":{"1":2,"2":0,"3":0,"4":0,"5":0,"6":0,"7":0,"8":0,"9":0,"10":0,"11":0,"12":0,"13":0,"14":0,"15":0,"16":0,"17":0,"18":0,"19":0,"20":0,"21":0,"22":0,"23":0,"24":0,"25":0,"26":0,"27":0,"28":0,"29":0,"30":0,"31":0,"32":0,"33":1,"34":0,"35":0,"36":0,"37":0,"38":0,"39":0,"40":0,"41":0,"42":0,"43":0,"44":0,"45":0,"46":0,"47":1,"48":0,"49":0,"50":0,"51":0,"52":1,"53":0,"54":0,"55":0,"56":0,"57":0,"58":0,"59":0,"60":0,"61":1,"62":0,"63":0,"64":0,"65":0,"66":0,"67":0,"68":0,"69":0,"70":0,"71":0,"72":0,"73":0,"74":0,"75":0,"76":0,"77":0,"78":0,"79":0},"b":{"1":[0,0],"2":[0,0],"3":[0,0],"4":[0,0],"5":[0,0],"6":[0,0],"7":[0,0],"8":[0,0],"9":[0,0],"10":[0,0],"11":[0,0],"12":[0,0],"13":[0,0],"14":[0,0]},"f":{"1":0,"2":0,"3":0,"4":0,"5":0,"6":0,"7":0,"8":0,"9":0,"10":0,"11":0,"12":0,"13":0,"14":0,"15":0,"16":0,"17":0,"18":0,"19":0},"fnMap":{"1":{"name":"(anonymous_1)","line":13,"loc":{"start":{"line":13,"column":31},"end":{"line":13,"column":42}}},"2":{"name":"(anonymous_2)","line":17,"loc":{"start":{"line":17,"column":38},"end":{"line":17,"column":59}}},"3":{"name":"(anonymous_3)","line":21,"loc":{"start":{"line":21,"column":7},"end":{"line":21,"column":21}}},"4":{"name":"(anonymous_4)","line":32,"loc":{"start":{"line":32,"column":7},"end":{"line":32,"column":23}}},"5":{"name":"(anonymous_5)","line":42,"loc":{"start":{"line":42,"column":30},"end":{"line":42,"column":51}}},"6":{"name":"(anonymous_6)","line":46,"loc":{"start":{"line":46,"column":37},"end":{"line":46,"column":48}}},"7":{"name":"(anonymous_7)","line":51,"loc":{"start":{"line":51,"column":25},"end":{"line":51,"column":36}}},"8":{"name":"chooseProject","line":58,"loc":{"start":{"line":58,"column":0},"end":{"line":58,"column":25}}},"9":{"name":"(anonymous_9)","line":75,"loc":{"start":{"line":75,"column":52},"end":{"line":75,"column":64}}},"10":{"name":"(anonymous_10)","line":79,"loc":{"start":{"line":79,"column":50},"end":{"line":79,"column":68}}},"11":{"name":"(anonymous_11)","line":86,"loc":{"start":{"line":86,"column":31},"end":{"line":86,"column":43}}},"12":{"name":"createProject","line":92,"loc":{"start":{"line":92,"column":0},"end":{"line":92,"column":29}}},"13":{"name":"(anonymous_13)","line":93,"loc":{"start":{"line":93,"column":17},"end":{"line":93,"column":31}}},"14":{"name":"getDemoProjectPath","line":99,"loc":{"start":{"line":99,"column":0},"end":{"line":99,"column":30}}},"15":{"name":"loadProject","line":115,"loc":{"start":{"line":115,"column":0},"end":{"line":115,"column":27}}},"16":{"name":"(anonymous_16)","line":139,"loc":{"start":{"line":139,"column":47},"end":{"line":139,"column":58}}},"17":{"name":"(anonymous_17)","line":143,"loc":{"start":{"line":143,"column":45},"end":{"line":143,"column":57}}},"18":{"name":"(anonymous_18)","line":147,"loc":{"start":{"line":147,"column":45},"end":{"line":147,"column":62}}},"19":{"name":"(anonymous_19)","line":153,"loc":{"start":{"line":153,"column":25},"end":{"line":153,"column":36}}}},"statementMap":{"1":{"start":{"line":1,"column":0},"end":{"line":1,"column":34}},"2":{"start":{"line":2,"column":0},"end":{"line":2,"column":42}},"3":{"start":{"line":3,"column":0},"end":{"line":3,"column":22}},"4":{"start":{"line":4,"column":0},"end":{"line":4,"column":24}},"5":{"start":{"line":5,"column":0},"end":{"line":5,"column":54}},"6":{"start":{"line":6,"column":0},"end":{"line":6,"column":31}},"7":{"start":{"line":8,"column":0},"end":{"line":8,"column":24}},"8":{"start":{"line":9,"column":0},"end":{"line":9,"column":21}},"9":{"start":{"line":10,"column":0},"end":{"line":10,"column":25}},"10":{"start":{"line":11,"column":0},"end":{"line":11,"column":19}},"11":{"start":{"line":13,"column":0},"end":{"line":15,"column":2}},"12":{"start":{"line":14,"column":2},"end":{"line":14,"column":16}},"13":{"start":{"line":17,"column":0},"end":{"line":40,"column":2}},"14":{"start":{"line":18,"column":2},"end":{"line":39,"column":3}},"15":{"start":{"line":19,"column":4},"end":{"line":25,"column":6}},"16":{"start":{"line":22,"column":6},"end":{"line":24,"column":7}},"17":{"start":{"line":23,"column":8},"end":{"line":23,"column":27}},"18":{"start":{"line":26,"column":9},"end":{"line":39,"column":3}},"19":{"start":{"line":27,"column":4},"end":{"line":27,"column":37}},"20":{"start":{"line":28,"column":9},"end":{"line":39,"column":3}},"21":{"start":{"line":29,"column":4},"end":{"line":36,"column":6}},"22":{"start":{"line":33,"column":6},"end":{"line":35,"column":7}},"23":{"start":{"line":34,"column":8},"end":{"line":34,"column":29}},"24":{"start":{"line":38,"column":4},"end":{"line":38,"column":19}},"25":{"start":{"line":42,"column":0},"end":{"line":44,"column":2}},"26":{"start":{"line":43,"column":2},"end":{"line":43,"column":51}},"27":{"start":{"line":46,"column":0},"end":{"line":49,"column":2}},"28":{"start":{"line":48,"column":2},"end":{"line":48,"column":21}},"29":{"start":{"line":51,"column":0},"end":{"line":56,"column":3}},"30":{"start":{"line":52,"column":2},"end":{"line":54,"column":3}},"31":{"start":{"line":53,"column":4},"end":{"line":53,"column":33}},"32":{"start":{"line":55,"column":2},"end":{"line":55,"column":17}},"33":{"start":{"line":58,"column":0},"end":{"line":90,"column":1}},"34":{"start":{"line":60,"column":2},"end":{"line":62,"column":3}},"35":{"start":{"line":61,"column":4},"end":{"line":61,"column":22}},"36":{"start":{"line":64,"column":2},"end":{"line":89,"column":3}},"37":{"start":{"line":65,"column":4},"end":{"line":65,"column":24}},"38":{"start":{"line":67,"column":4},"end":{"line":73,"column":6}},"39":{"start":{"line":75,"column":4},"end":{"line":77,"column":6}},"40":{"start":{"line":76,"column":6},"end":{"line":76,"column":26}},"41":{"start":{"line":79,"column":4},"end":{"line":82,"column":6}},"42":{"start":{"line":80,"column":6},"end":{"line":80,"column":24}},"43":{"start":{"line":81,"column":6},"end":{"line":81,"column":38}},"44":{"start":{"line":84,"column":4},"end":{"line":84,"column":72}},"45":{"start":{"line":86,"column":4},"end":{"line":88,"column":6}},"46":{"start":{"line":87,"column":6},"end":{"line":87,"column":26}},"47":{"start":{"line":92,"column":0},"end":{"line":97,"column":1}},"48":{"start":{"line":93,"column":2},"end":{"line":96,"column":4}},"49":{"start":{"line":94,"column":4},"end":{"line":94,"column":22}},"50":{"start":{"line":94,"column":13},"end":{"line":94,"column":22}},"51":{"start":{"line":95,"column":4},"end":{"line":95,"column":21}},"52":{"start":{"line":99,"column":0},"end":{"line":113,"column":1}},"53":{"start":{"line":101,"column":2},"end":{"line":101,"column":22}},"54":{"start":{"line":102,"column":2},"end":{"line":102,"column":17}},"55":{"start":{"line":103,"column":2},"end":{"line":109,"column":3}},"56":{"start":{"line":104,"column":4},"end":{"line":104,"column":21}},"57":{"start":{"line":105,"column":4},"end":{"line":105,"column":78}},"58":{"start":{"line":106,"column":4},"end":{"line":108,"column":5}},"59":{"start":{"line":107,"column":6},"end":{"line":107,"column":20}},"60":{"start":{"line":112,"column":2},"end":{"line":112,"column":40}},"61":{"start":{"line":115,"column":0},"end":{"line":159,"column":1}},"62":{"start":{"line":117,"column":2},"end":{"line":119,"column":3}},"63":{"start":{"line":118,"column":4},"end":{"line":118,"column":22}},"64":{"start":{"line":121,"column":2},"end":{"line":123,"column":3}},"65":{"start":{"line":122,"column":4},"end":{"line":122,"column":24}},"66":{"start":{"line":125,"column":2},"end":{"line":125,"column":23}},"67":{"start":{"line":127,"column":2},"end":{"line":137,"column":4}},"68":{"start":{"line":139,"column":2},"end":{"line":141,"column":4}},"69":{"start":{"line":140,"column":4},"end":{"line":140,"column":21}},"70":{"start":{"line":143,"column":2},"end":{"line":145,"column":4}},"71":{"start":{"line":144,"column":4},"end":{"line":144,"column":22}},"72":{"start":{"line":147,"column":2},"end":{"line":150,"column":4}},"73":{"start":{"line":148,"column":4},"end":{"line":148,"column":22}},"74":{"start":{"line":149,"column":4},"end":{"line":149,"column":36}},"75":{"start":{"line":152,"column":2},"end":{"line":152,"column":66}},"76":{"start":{"line":153,"column":2},"end":{"line":158,"column":4}},"77":{"start":{"line":154,"column":4},"end":{"line":154,"column":21}},"78":{"start":{"line":155,"column":4},"end":{"line":157,"column":5}},"79":{"start":{"line":156,"column":6},"end":{"line":156,"column":21}}},"branchMap":{"1":{"line":18,"type":"if","locations":[{"start":{"line":18,"column":2},"end":{"line":18,"column":2}},{"start":{"line":18,"column":2},"end":{"line":18,"column":2}}]},"2":{"line":22,"type":"if","locations":[{"start":{"line":22,"column":6},"end":{"line":22,"column":6}},{"start":{"line":22,"column":6},"end":{"line":22,"column":6}}]},"3":{"line":26,"type":"if","locations":[{"start":{"line":26,"column":9},"end":{"line":26,"column":9}},{"start":{"line":26,"column":9},"end":{"line":26,"column":9}}]},"4":{"line":28,"type":"if","locations":[{"start":{"line":28,"column":9},"end":{"line":28,"column":9}},{"start":{"line":28,"column":9},"end":{"line":28,"column":9}}]},"5":{"line":33,"type":"if","locations":[{"start":{"line":33,"column":6},"end":{"line":33,"column":6}},{"start":{"line":33,"column":6},"end":{"line":33,"column":6}}]},"6":{"line":33,"type":"binary-expr","locations":[{"start":{"line":33,"column":10},"end":{"line":33,"column":15}},{"start":{"line":33,"column":19},"end":{"line":33,"column":31}}]},"7":{"line":52,"type":"if","locations":[{"start":{"line":52,"column":2},"end":{"line":52,"column":2}},{"start":{"line":52,"column":2},"end":{"line":52,"column":2}}]},"8":{"line":60,"type":"if","locations":[{"start":{"line":60,"column":2},"end":{"line":60,"column":2}},{"start":{"line":60,"column":2},"end":{"line":60,"column":2}}]},"9":{"line":64,"type":"if","locations":[{"start":{"line":64,"column":2},"end":{"line":64,"column":2}},{"start":{"line":64,"column":2},"end":{"line":64,"column":2}}]},"10":{"line":94,"type":"if","locations":[{"start":{"line":94,"column":4},"end":{"line":94,"column":4}},{"start":{"line":94,"column":4},"end":{"line":94,"column":4}}]},"11":{"line":106,"type":"if","locations":[{"start":{"line":106,"column":4},"end":{"line":106,"column":4}},{"start":{"line":106,"column":4},"end":{"line":106,"column":4}}]},"12":{"line":117,"type":"if","locations":[{"start":{"line":117,"column":2},"end":{"line":117,"column":2}},{"start":{"line":117,"column":2},"end":{"line":117,"column":2}}]},"13":{"line":121,"type":"if","locations":[{"start":{"line":121,"column":2},"end":{"line":121,"column":2}},{"start":{"line":121,"column":2},"end":{"line":121,"column":2}}]},"14":{"line":155,"type":"if","locations":[{"start":{"line":155,"column":4},"end":{"line":155,"column":4}},{"start":{"line":155,"column":4},"end":{"line":155,"column":4}}]}},"code":["var electron = require('electron')","var BrowserWindow = electron.BrowserWindow","var fs = require('fs')","var Menu = electron.Menu","var menu = Menu.buildFromTemplate(require('lib/menu'))","var join = require('path').join","","var welcomeWindow = null","var mainWindow = null","var currentProject = null","var quiting = false","","electron.app.on('before-quit', function() {","  quiting = true","})","","electron.ipcMain.on('choose-project', function(event, arg) {","  if (arg === 'new') {","    electron.dialog.showSaveDialog({","      title: 'Create New Project'","    }, function(path){","      if (path) {","        createProject(path)","      }","    })","  } else if (arg === 'demo') {","    loadProject(getDemoProjectPath())","  } else if (arg === 'browse') {","    electron.dialog.showOpenDialog({","      title: 'Browse for Project Folder',","      properties: [ 'openDirectory' ]","    }, function(paths) {","      if (paths && paths.length) {","        loadProject(paths[0])","      }","    })","  } else {","    chooseProject()","  }","})","","electron.ipcMain.on('loaded', function(event, arg) {","  event.sender.send('load-project', currentProject)","})","","electron.app.on('window-all-closed', function() {","  //if (process.platform != 'darwin')","  electron.app.quit()","})","","electron.app.on('ready', function() {","  if (process.platform === 'darwin') {","    Menu.setApplicationMenu(menu)","  }","  chooseProject()","});","","function chooseProject() {","","  if (mainWindow) {","    mainWindow.close()","  }","","  if (welcomeWindow) {","    welcomeWindow.show()","  } else {","    welcomeWindow = new BrowserWindow({","      title: 'Choose Project',","      acceptFirstMouse: true,","      width: 500,","      height: 550,","      show: false","    })","","    welcomeWindow.webContents.on('did-finish-load', function () {","      welcomeWindow.show()","    })","","    welcomeWindow.webContents.on('will-navigate', function (e, url) {","      e.preventDefault()","      electron.shell.openExternal(url)","    })","","    welcomeWindow.loadURL('file://' + __dirname + '/views/welcome.html')","","    welcomeWindow.on('closed', function () {","      welcomeWindow = null","    })","  }","}","","function createProject(path) {","  fs.mkdir(path, function(err) {","    if (err) throw err","    loadProject(path)","  })","}","","function getDemoProjectPath() {","  // find demo-project by looking upwards","  var searchLevels = 2","  var lookUp = []","  for (var i=0;i<searchLevels;i++) {","    lookUp.push('..')","    var current = join.apply(this, [__dirname].concat(lookUp, 'demo-project'))","    if (fs.existsSync(current)) {","      return current","    }","  }","","  // fallback","  return join(__dirname, 'demo-project')","}","","function loadProject(path) {","","  if (mainWindow) {","    mainWindow.close()","  }","","  if (welcomeWindow) {","    welcomeWindow.hide()","  }","","  currentProject = path","","  mainWindow = new BrowserWindow({","    width: 1400,","    height: 900,","    title: path + ' — Loop Drop',","    acceptFirstMouse: true,","    show: false,","    webPreferences: {","      experimentalFeatures: true,","      pageVisibility: true","    }","  })","","  mainWindow.webContents.on('did-finish-load', function() {","    mainWindow.show()","  })","","  mainWindow.webContents.on('will-navigate', function(e) {","    e.preventDefault()","  })","","  mainWindow.webContents.on('will-navigate', function(e, url) {","    e.preventDefault()","    electron.shell.openExternal(url)","  })","","  mainWindow.loadURL('file://' + __dirname + '/views/window.html')","  mainWindow.on('close', function() {","    mainWindow = null","    if (!quiting) {","      chooseProject()","    }","  })","}",""],"l":{"1":2,"2":0,"3":0,"4":0,"5":0,"6":0,"8":0,"9":0,"10":0,"11":0,"13":0,"14":0,"17":0,"18":0,"19":0,"22":0,"23":0,"26":0,"27":0,"28":0,"29":0,"33":0,"34":0,"38":0,"42":0,"43":0,"46":0,"48":0,"51":0,"52":0,"53":0,"55":0,"58":1,"60":0,"61":0,"64":0,"65":0,"67":0,"75":0,"76":0,"79":0,"80":0,"81":0,"84":0,"86":0,"87":0,"92":1,"93":0,"94":0,"95":0,"99":1,"101":0,"102":0,"103":0,"104":0,"105":0,"106":0,"107":0,"112":0,"115":1,"117":0,"118":0,"121":0,"122":0,"125":0,"127":0,"139":0,"140":0,"143":0,"144":0,"147":0,"148":0,"149":0,"152":0,"153":0,"154":0,"155":0,"156":0}},"/home/travis/build/npmtest/node-npmtest-loop-drop/node_modules/loop-drop/scripts/start.js":{"path":"/home/travis/build/npmtest/node-npmtest-loop-drop/node_modules/loop-drop/scripts/start.js","s":{"1":1,"2":1,"3":1,"4":1,"5":0},"b":{},"f":{"1":0},"fnMap":{"1":{"name":"(anonymous_1)","line":10,"loc":{"start":{"line":10,"column":14},"end":{"line":10,"column":29}}}},"statementMap":{"1":{"start":{"line":3,"column":0},"end":{"line":3,"column":42}},"2":{"start":{"line":4,"column":0},"end":{"line":4,"column":43}},"3":{"start":{"line":5,"column":0},"end":{"line":5,"column":31}},"4":{"start":{"line":7,"column":0},"end":{"line":12,"column":2}},"5":{"start":{"line":11,"column":2},"end":{"line":11,"column":16}}},"branchMap":{},"code":["//#!/usr/bin/env node","","var spawn = require('child_process').spawn","var electron = require('electron-prebuilt')","var join = require('path').join","","var app = spawn(electron, ['main.js'], { ","  stdio: 'inherit',","  cwd: join(__dirname, '..') ","}).on('exit', function(i, m) {","  process.exit()","})",""],"l":{"3":1,"4":1,"5":1,"7":1,"11":0}},"/home/travis/build/npmtest/node-npmtest-loop-drop/node_modules/loop-drop/node_modules/electron-prebuilt/index.js":{"path":"/home/travis/build/npmtest/node-npmtest-loop-drop/node_modules/loop-drop/node_modules/electron-prebuilt/index.js","s":{"1":1,"2":1,"3":1},"b":{},"f":{},"fnMap":{},"statementMap":{"1":{"start":{"line":1,"column":0},"end":{"line":1,"column":22}},"2":{"start":{"line":2,"column":0},"end":{"line":2,"column":26}},"3":{"start":{"line":4,"column":0},"end":{"line":4,"column":97}}},"branchMap":{},"code":["var fs = require('fs')","var path = require('path')","","module.exports = path.join(__dirname, fs.readFileSync(path.join(__dirname, 'path.txt'), 'utf-8'))",""],"l":{"1":1,"2":1,"4":1}},"/home/travis/build/npmtest/node-npmtest-loop-drop/node_modules/loop-drop/lib/active-indexes.js":{"path":"/home/travis/build/npmtest/node-npmtest-loop-drop/node_modules/loop-drop/lib/active-indexes.js","s":{"1":1,"2":1,"3":0,"4":0,"5":0,"6":0,"7":1,"8":0,"9":0},"b":{"1":[0,0]},"f":{"1":0,"2":0,"3":0},"fnMap":{"1":{"name":"activeIndexes","line":3,"loc":{"start":{"line":3,"column":17},"end":{"line":3,"column":46}}},"2":{"name":"(anonymous_2)","line":4,"loc":{"start":{"line":4,"column":25},"end":{"line":4,"column":41}}},"3":{"name":"pushIndexIfPresent","line":11,"loc":{"start":{"line":11,"column":0},"end":{"line":11,"column":43}}}},"statementMap":{"1":{"start":{"line":1,"column":0},"end":{"line":1,"column":41}},"2":{"start":{"line":3,"column":0},"end":{"line":9,"column":1}},"3":{"start":{"line":4,"column":2},"end":{"line":8,"column":4}},"4":{"start":{"line":5,"column":4},"end":{"line":5,"column":19}},"5":{"start":{"line":6,"column":4},"end":{"line":6,"column":49}},"6":{"start":{"line":7,"column":4},"end":{"line":7,"column":17}},"7":{"start":{"line":11,"column":0},"end":{"line":15,"column":1}},"8":{"start":{"line":12,"column":2},"end":{"line":14,"column":3}},"9":{"start":{"line":13,"column":4},"end":{"line":13,"column":20}}},"branchMap":{"1":{"line":12,"type":"if","locations":[{"start":{"line":12,"column":2},"end":{"line":12,"column":2}},{"start":{"line":12,"column":2},"end":{"line":12,"column":2}}]}},"code":["var computed = require('observ/computed')","","module.exports = function activeIndexes (obs) {","  return computed([obs], function (grid) {","    var result = []","    grid.data.forEach(pushIndexIfPresent, result)","    return result","  })","}","","function pushIndexIfPresent (value, index) {","  if (value) {","    this.push(index)","  }","}"],"l":{"1":1,"3":1,"4":0,"5":0,"6":0,"7":0,"11":1,"12":0,"13":0}},"/home/travis/build/npmtest/node-npmtest-loop-drop/node_modules/loop-drop/lib/apply-mixer-params.js":{"path":"/home/travis/build/npmtest/node-npmtest-loop-drop/node_modules/loop-drop/lib/apply-mixer-params.js","s":{"1":1,"2":1,"3":1,"4":1,"5":1,"6":0,"7":0,"8":0,"9":0,"10":0,"11":0,"12":0,"13":0,"14":0,"15":0,"16":0,"17":0,"18":0,"19":0,"20":0,"21":0,"22":0,"23":0,"24":0,"25":1,"26":0,"27":0,"28":1,"29":0,"30":0,"31":0,"32":0,"33":0,"34":0,"35":0,"36":0,"37":0,"38":0,"39":0,"40":0,"41":0,"42":0,"43":0,"44":0,"45":0,"46":0,"47":0,"48":0,"49":0},"b":{"1":[0,0],"2":[0,0],"3":[0,0],"4":[0,0],"5":[0,0],"6":[0,0],"7":[0,0],"8":[0,0]},"f":{"1":0,"2":0,"3":0,"4":0,"5":0,"6":0,"7":0,"8":0,"9":0,"10":0},"fnMap":{"1":{"name":"(anonymous_1)","line":6,"loc":{"start":{"line":6,"column":17},"end":{"line":6,"column":32}}},"2":{"name":"(anonymous_2)","line":9,"loc":{"start":{"line":9,"column":31},"end":{"line":9,"column":49}}},"3":{"name":"(anonymous_3)","line":11,"loc":{"start":{"line":11,"column":27},"end":{"line":11,"column":49}}},"4":{"name":"(anonymous_4)","line":24,"loc":{"start":{"line":24,"column":23},"end":{"line":24,"column":41}}},"5":{"name":"release","line":26,"loc":{"start":{"line":26,"column":11},"end":{"line":26,"column":31}}},"6":{"name":"ParamLookup","line":38,"loc":{"start":{"line":38,"column":0},"end":{"line":38,"column":62}}},"7":{"name":"refresh","line":42,"loc":{"start":{"line":42,"column":2},"end":{"line":42,"column":22}}},"8":{"name":"(anonymous_8)","line":65,"loc":{"start":{"line":65,"column":24},"end":{"line":65,"column":36}}},"9":{"name":"(anonymous_9)","line":71,"loc":{"start":{"line":71,"column":20},"end":{"line":71,"column":35}}},"10":{"name":"(anonymous_10)","line":75,"loc":{"start":{"line":75,"column":21},"end":{"line":75,"column":36}}}},"statementMap":{"1":{"start":{"line":1,"column":0},"end":{"line":1,"column":41}},"2":{"start":{"line":2,"column":0},"end":{"line":2,"column":41}},"3":{"start":{"line":3,"column":0},"end":{"line":3,"column":30}},"4":{"start":{"line":4,"column":0},"end":{"line":4,"column":29}},"5":{"start":{"line":6,"column":0},"end":{"line":36,"column":1}},"6":{"start":{"line":8,"column":2},"end":{"line":8,"column":30}},"7":{"start":{"line":9,"column":2},"end":{"line":21,"column":4}},"8":{"start":{"line":10,"column":4},"end":{"line":10,"column":23}},"9":{"start":{"line":11,"column":4},"end":{"line":19,"column":6}},"10":{"start":{"line":12,"column":6},"end":{"line":17,"column":7}},"11":{"start":{"line":13,"column":8},"end":{"line":13,"column":47}},"12":{"start":{"line":14,"column":8},"end":{"line":16,"column":9}},"13":{"start":{"line":15,"column":10},"end":{"line":15,"column":41}},"14":{"start":{"line":18,"column":6},"end":{"line":18,"column":18}},"15":{"start":{"line":20,"column":4},"end":{"line":20,"column":21}},"16":{"start":{"line":23,"column":2},"end":{"line":23,"column":42}},"17":{"start":{"line":24,"column":2},"end":{"line":32,"column":3}},"18":{"start":{"line":25,"column":4},"end":{"line":25,"column":35}},"19":{"start":{"line":26,"column":4},"end":{"line":31,"column":5}},"20":{"start":{"line":27,"column":6},"end":{"line":27,"column":52}},"21":{"start":{"line":28,"column":6},"end":{"line":30,"column":7}},"22":{"start":{"line":29,"column":8},"end":{"line":29,"column":43}},"23":{"start":{"line":34,"column":2},"end":{"line":34,"column":92}},"24":{"start":{"line":35,"column":2},"end":{"line":35,"column":40}},"25":{"start":{"line":38,"column":0},"end":{"line":80,"column":1}},"26":{"start":{"line":39,"column":2},"end":{"line":39,"column":14}},"27":{"start":{"line":40,"column":2},"end":{"line":40,"column":28}},"28":{"start":{"line":42,"column":2},"end":{"line":58,"column":3}},"29":{"start":{"line":43,"column":4},"end":{"line":43,"column":37}},"30":{"start":{"line":44,"column":4},"end":{"line":44,"column":43}},"31":{"start":{"line":45,"column":4},"end":{"line":55,"column":5}},"32":{"start":{"line":46,"column":6},"end":{"line":46,"column":25}},"33":{"start":{"line":47,"column":6},"end":{"line":47,"column":79}},"34":{"start":{"line":48,"column":6},"end":{"line":54,"column":7}},"35":{"start":{"line":49,"column":8},"end":{"line":49,"column":90}},"36":{"start":{"line":50,"column":8},"end":{"line":50,"column":36}},"37":{"start":{"line":52,"column":8},"end":{"line":52,"column":23}},"38":{"start":{"line":53,"column":8},"end":{"line":53,"column":26}},"39":{"start":{"line":56,"column":4},"end":{"line":56,"column":19}},"40":{"start":{"line":57,"column":4},"end":{"line":57,"column":27}},"41":{"start":{"line":60,"column":2},"end":{"line":63,"column":3}},"42":{"start":{"line":65,"column":2},"end":{"line":69,"column":3}},"43":{"start":{"line":66,"column":4},"end":{"line":68,"column":5}},"44":{"start":{"line":67,"column":6},"end":{"line":67,"column":22}},"45":{"start":{"line":71,"column":2},"end":{"line":73,"column":3}},"46":{"start":{"line":72,"column":4},"end":{"line":72,"column":19}},"47":{"start":{"line":75,"column":2},"end":{"line":77,"column":3}},"48":{"start":{"line":76,"column":4},"end":{"line":76,"column":27}},"49":{"start":{"line":79,"column":2},"end":{"line":79,"column":20}}},"branchMap":{"1":{"line":12,"type":"if","locations":[{"start":{"line":12,"column":6},"end":{"line":12,"column":6}},{"start":{"line":12,"column":6},"end":{"line":12,"column":6}}]},"2":{"line":12,"type":"binary-expr","locations":[{"start":{"line":12,"column":10},"end":{"line":12,"column":15}},{"start":{"line":12,"column":19},"end":{"line":12,"column":45}}]},"3":{"line":14,"type":"if","locations":[{"start":{"line":14,"column":8},"end":{"line":14,"column":8}},{"start":{"line":14,"column":8},"end":{"line":14,"column":8}}]},"4":{"line":28,"type":"if","locations":[{"start":{"line":28,"column":6},"end":{"line":28,"column":6}},{"start":{"line":28,"column":6},"end":{"line":28,"column":6}}]},"5":{"line":48,"type":"if","locations":[{"start":{"line":48,"column":6},"end":{"line":48,"column":6}},{"start":{"line":48,"column":6},"end":{"line":48,"column":6}}]},"6":{"line":48,"type":"binary-expr","locations":[{"start":{"line":48,"column":10},"end":{"line":48,"column":18}},{"start":{"line":48,"column":22},"end":{"line":48,"column":41}}]},"7":{"line":49,"type":"cond-expr","locations":[{"start":{"line":49,"column":58},"end":{"line":49,"column":71}},{"start":{"line":49,"column":74},"end":{"line":49,"column":90}}]},"8":{"line":49,"type":"binary-expr","locations":[{"start":{"line":49,"column":74},"end":{"line":49,"column":85}},{"start":{"line":49,"column":89},"end":{"line":49,"column":90}}]}},"code":["var computed = require('observ/computed')","var ObservArray = require('observ-array')","var Observ = require('observ')","var extend = require('xtend')","","module.exports = function (obs) {","  // hack for mixer params","  var params = ['A', 'B', 'C']","  obs.params = computed([obs], function (values) {","    var usedParams = []","    JSON.stringify(values, function (key, value) {","      if (value && value.node === 'linkParam') {","        var index = params.indexOf(value.param)","        if (~index) {","          usedParams[index] = value.param","        }","      }","      return value","    })","    return usedParams","  })","","  var paramOverrideStack = ObservArray([])","  obs.overrideParams = function (params) {","    paramOverrideStack.push(params)","    return function release () {","      var index = paramOverrideStack.indexOf(params)","      if (~index) {","        paramOverrideStack.splice(index, 1)","      }","    }","  }","","  obs.context.paramLookup = ParamLookup(obs.context.paramLookup, params, paramOverrideStack)","  return obs.context.paramLookup.destroy","}","","function ParamLookup (rootParams, params, paramOverrideStack) {","  var raw = {}","  var paramLookup = Observ()","","  function refresh () {","    var result = extend(rootParams())","    var rawResult = extend(rootParams._raw)","    for (var i = 0; i < params.length; i++) {","      var key = params[i]","      var override = paramOverrideStack.get(paramOverrideStack.getLength() - 1)","      if (override && override[i] != null) {","        result[key] = typeof override[i] === 'function' ? override[i]() : override[i] || 0","        rawResult[key] = override[i]","      } else {","        result[key] = 0","        rawResult[key] = 0","      }","    }","    raw = rawResult","    paramLookup.set(result)","  }","","  var releases = [","    rootParams(refresh),","    paramOverrideStack(refresh)","  ]","","  paramLookup.destroy = function () {","    while (releases.length) {","      releases.pop()()","    }","  }","","  paramLookup.get = function (key) {","    return raw[key]","  }","","  paramLookup.keys = function (key) {","    return Object.keys(raw)","  }","","  return paramLookup","}",""],"l":{"1":1,"2":1,"3":1,"4":1,"6":1,"8":0,"9":0,"10":0,"11":0,"12":0,"13":0,"14":0,"15":0,"18":0,"20":0,"23":0,"24":0,"25":0,"26":0,"27":0,"28":0,"29":0,"34":0,"35":0,"38":1,"39":0,"40":0,"42":1,"43":0,"44":0,"45":0,"46":0,"47":0,"48":0,"49":0,"50":0,"52":0,"53":0,"56":0,"57":0,"60":0,"65":0,"66":0,"67":0,"71":0,"72":0,"75":0,"76":0,"79":0}},"/home/travis/build/npmtest/node-npmtest-loop-drop/node_modules/loop-drop/lib/apply-params.js":{"path":"/home/travis/build/npmtest/node-npmtest-loop-drop/node_modules/loop-drop/lib/apply-params.js","s":{"1":1,"2":1,"3":1,"4":0,"5":0,"6":0,"7":0,"8":0,"9":0,"10":0,"11":0,"12":0,"13":0,"14":0,"15":0,"16":0,"17":0,"18":0,"19":0,"20":0,"21":0,"22":0,"23":0,"24":0,"25":0,"26":0,"27":0,"28":0,"29":0,"30":0,"31":0,"32":0,"33":0,"34":0,"35":0,"36":0,"37":0,"38":0,"39":0,"40":0,"41":0,"42":0,"43":0,"44":0},"b":{"1":[0,0],"2":[0,0],"3":[0,0],"4":[0,0],"5":[0,0],"6":[0,0],"7":[0,0],"8":[0,0,0]},"f":{"1":0,"2":0,"3":0,"4":0,"5":0,"6":0,"7":0,"8":0,"9":0},"fnMap":{"1":{"name":"applyParams","line":4,"loc":{"start":{"line":4,"column":17},"end":{"line":4,"column":44}}},"2":{"name":"(anonymous_2)","line":7,"loc":{"start":{"line":7,"column":12},"end":{"line":7,"column":29}}},"3":{"name":"(anonymous_3)","line":8,"loc":{"start":{"line":8,"column":22},"end":{"line":8,"column":38}}},"4":{"name":"(anonymous_4)","line":18,"loc":{"start":{"line":18,"column":23},"end":{"line":18,"column":41}}},"5":{"name":"release","line":20,"loc":{"start":{"line":20,"column":11},"end":{"line":20,"column":31}}},"6":{"name":"(anonymous_6)","line":30,"loc":{"start":{"line":30,"column":80},"end":{"line":30,"column":117}}},"7":{"name":"(anonymous_7)","line":48,"loc":{"start":{"line":48,"column":20},"end":{"line":48,"column":34}}},"8":{"name":"(anonymous_8)","line":52,"loc":{"start":{"line":52,"column":21},"end":{"line":52,"column":35}}},"9":{"name":"(anonymous_9)","line":58,"loc":{"start":{"line":58,"column":30},"end":{"line":58,"column":42}}}},"statementMap":{"1":{"start":{"line":1,"column":0},"end":{"line":1,"column":41}},"2":{"start":{"line":2,"column":0},"end":{"line":2,"column":41}},"3":{"start":{"line":4,"column":0},"end":{"line":70,"column":1}},"4":{"start":{"line":6,"column":2},"end":{"line":6,"column":25}},"5":{"start":{"line":7,"column":2},"end":{"line":15,"column":4}},"6":{"start":{"line":8,"column":4},"end":{"line":14,"column":6}},"7":{"start":{"line":9,"column":6},"end":{"line":9,"column":24}
[...]
ase()","      self.release = null","    }","","    currentFile = fileObject","","    if (fileObject){","      self.release = watch(fileObject, update)","    }","  }","","  function save(){","    var value = textEditor.session.getValue()","    if (currentFile){","      try {","        var object = JSMN.parse(value)","        lastSave = object","        currentFile.set(object)","      } catch (ex) {}","    }","  }","","  function update(){","    var data = currentFile ? currentFile() : null","    if (data && !deepEqual(lastSave, data)) {","      var newValue = JSMN.stringify(data || {})","      currentTransaction = newValue","      textEditor.session.setValue(newValue, -1)","      currentTransaction = NO_TRANSACTION","    }","  }","","  var blurTimer = null","  textEditor.on('focus', function(){","    clearTimeout(blurTimer)","  })","","  textEditor.on('blur', function(){","    clearTimeout(blurTimer)","    blurTimer = setTimeout(function(){","      if (!textEditor.isFocused()){","        update()","      }","    }, 100)","  })","","  var saveTimer = null","  textEditor.on('change', function(){","    if (currentTransaction === NO_TRANSACTION){","      clearTimeout(saveTimer)","      saveTimer = setTimeout(save, 100)","    }","  })","","  textEditor.setFile(this.fileObject)","","  element.appendChild(el)","  return element","}","","RawEditor.prototype.update = function(prev, elem){","  this.editor = prev.editor","  this.release = prev.release","","  if (prev.file !== this.file){","    this.editor.setFile(this.fileObject)","  }","  return elem","}","","RawEditor.prototype.destroy = function(elem){","  this.editor.destroy()","  this.release && this.release()","  this.release = null","}",""],"l":{"2":2,"3":2,"4":2,"6":2,"7":0,"8":0,"10":0,"12":0,"14":1,"15":0,"16":0,"18":0,"19":0,"22":0,"24":0,"25":0,"26":0,"28":0,"30":0,"32":0,"33":0,"35":0,"36":0,"37":0,"38":0,"39":0,"40":0,"41":0,"43":0,"44":0,"46":0,"47":0,"49":0,"50":0,"52":0,"53":0,"54":0,"57":0,"59":0,"60":0,"64":1,"65":0,"66":0,"67":0,"68":0,"69":0,"70":0,"75":1,"76":0,"77":0,"78":0,"79":0,"80":0,"81":0,"85":0,"86":0,"87":0,"90":0,"91":0,"92":0,"93":0,"94":0,"99":0,"100":0,"101":0,"102":0,"103":0,"107":0,"109":0,"110":0,"113":0,"114":0,"115":0,"117":0,"118":0,"120":0,"123":0,"124":0,"125":0,"126":0}},"/home/travis/build/npmtest/node-npmtest-loop-drop/node_modules/loop-drop/nodes/triggers-chunk/slot-chooser.js":{"path":"/home/travis/build/npmtest/node-npmtest-loop-drop/node_modules/loop-drop/nodes/triggers-chunk/slot-chooser.js","s":{"1":1,"2":1,"3":1,"4":1,"5":1,"6":1,"7":1,"8":1,"9":0,"10":0,"11":0,"12":0,"13":0,"14":0,"15":0,"16":0,"17":0,"18":0,"19":0,"20":0,"21":0,"22":0,"23":1,"24":1,"25":0,"26":1,"27":0,"28":1,"29":0,"30":0,"31":0,"32":0,"33":0,"34":1,"35":0,"36":0,"37":0,"38":0,"39":0,"40":0,"41":0,"42":0,"43":0,"44":0,"45":0,"46":0,"47":0,"48":0,"49":0,"50":0,"51":0,"52":0,"53":0,"54":0,"55":0,"56":0,"57":0,"58":0,"59":0,"60":0,"61":0,"62":0,"63":0,"64":0,"65":0,"66":0,"67":0,"68":0,"69":0,"70":0,"71":0,"72":0,"73":1,"74":0,"75":1,"76":0,"77":0,"78":0,"79":1,"80":0,"81":0,"82":0,"83":0,"84":0},"b":{"1":[0,0],"2":[0,0],"3":[0,0],"4":[0,0],"5":[0,0],"6":[0,0],"7":[0,0],"8":[0,0],"9":[0,0],"10":[0,0],"11":[0,0],"12":[0,0],"13":[0,0],"14":[0,0],"15":[0,0],"16":[0,0],"17":[0,0],"18":[0,0],"19":[0,0],"20":[0,0],"21":[0,0],"22":[0,0]},"f":{"1":0,"2":0,"3":0,"4":0,"5":0,"6":0,"7":0,"8":0,"9":0},"fnMap":{"1":{"name":"SlotChooser","line":11,"loc":{"start":{"line":11,"column":0},"end":{"line":11,"column":38}}},"2":{"name":"dragStart","line":75,"loc":{"start":{"line":75,"column":0},"end":{"line":75,"column":22}}},"3":{"name":"dragEnd","line":79,"loc":{"start":{"line":79,"column":0},"end":{"line":79,"column":20}}},"4":{"name":"dragOver","line":83,"loc":{"start":{"line":83,"column":0},"end":{"line":83,"column":21}}},"5":{"name":"drop","line":93,"loc":{"start":{"line":93,"column":0},"end":{"line":93,"column":17}}},"6":{"name":"(anonymous_6)","line":119,"loc":{"start":{"line":119,"column":49},"end":{"line":119,"column":76}}},"7":{"name":"dragLeave","line":169,"loc":{"start":{"line":169,"column":0},"end":{"line":169,"column":22}}},"8":{"name":"obtainWithId","line":173,"loc":{"start":{"line":173,"column":0},"end":{"line":173,"column":30}}},"9":{"name":"containsFiles","line":179,"loc":{"start":{"line":179,"column":0},"end":{"line":179,"column":33}}}},"statementMap":{"1":{"start":{"line":1,"column":0},"end":{"line":1,"column":56}},"2":{"start":{"line":2,"column":0},"end":{"line":2,"column":39}},"3":{"start":{"line":4,"column":0},"end":{"line":4,"column":48}},"4":{"start":{"line":5,"column":0},"end":{"line":5,"column":35}},"5":{"start":{"line":6,"column":0},"end":{"line":6,"column":47}},"6":{"start":{"line":7,"column":0},"end":{"line":7,"column":39}},"7":{"start":{"line":9,"column":0},"end":{"line":9,"column":28}},"8":{"start":{"line":11,"column":0},"end":{"line":71,"column":1}},"9":{"start":{"line":13,"column":2},"end":{"line":13,"column":19}},"10":{"start":{"line":14,"column":2},"end":{"line":14,"column":36}},"11":{"start":{"line":15,"column":2},"end":{"line":15,"column":45}},"12":{"start":{"line":16,"column":2},"end":{"line":16,"column":38}},"13":{"start":{"line":17,"column":2},"end":{"line":17,"column":34}},"14":{"start":{"line":19,"column":2},"end":{"line":61,"column":3}},"15":{"start":{"line":20,"column":4},"end":{"line":20,"column":22}},"16":{"start":{"line":21,"column":4},"end":{"line":21,"column":28}},"17":{"start":{"line":22,"column":4},"end":{"line":22,"column":38}},"18":{"start":{"line":23,"column":4},"end":{"line":23,"column":124}},"19":{"start":{"line":25,"column":4},"end":{"line":58,"column":5}},"20":{"start":{"line":26,"column":6},"end":{"line":45,"column":7}},"21":{"start":{"line":47,"column":6},"end":{"line":57,"column":7}},"22":{"start":{"line":63,"column":2},"end":{"line":70,"column":4}},"23":{"start":{"line":73,"column":0},"end":{"line":73,"column":22}},"24":{"start":{"line":75,"column":0},"end":{"line":77,"column":1}},"25":{"start":{"line":76,"column":2},"end":{"line":76,"column":23}},"26":{"start":{"line":79,"column":0},"end":{"line":81,"column":1}},"27":{"start":{"line":80,"column":2},"end":{"line":80,"column":20}},"28":{"start":{"line":83,"column":0},"end":{"line":91,"column":1}},"29":{"start":{"line":84,"column":2},"end":{"line":84,"column":45}},"30":{"start":{"line":85,"column":2},"end":{"line":89,"column":3}},"31":{"start":{"line":86,"column":4},"end":{"line":86,"column":39}},"32":{"start":{"line":88,"column":4},"end":{"line":88,"column":39}},"33":{"start":{"line":90,"column":2},"end":{"line":90,"column":27}},"34":{"start":{"line":93,"column":0},"end":{"line":167,"column":1}},"35":{"start":{"line":94,"column":2},"end":{"line":94,"column":15}},"36":{"start":{"line":95,"column":2},"end":{"line":95,"column":27}},"37":{"start":{"line":97,"column":2},"end":{"line":97,"column":43}},"38":{"start":{"line":98,"column":2},"end":{"line":98,"column":56}},"39":{"start":{"line":99,"column":2},"end":{"line":99,"column":43}},"40":{"start":{"line":101,"column":2},"end":{"line":166,"column":3}},"41":{"start":{"line":102,"column":4},"end":{"line":104,"column":56}},"42":{"start":{"line":106,"column":4},"end":{"line":108,"column":5}},"43":{"start":{"line":107,"column":6},"end":{"line":107,"column":37}},"44":{"start":{"line":110,"column":4},"end":{"line":117,"column":6}},"45":{"start":{"line":119,"column":4},"end":{"line":123,"column":6}},"46":{"start":{"line":120,"column":6},"end":{"line":120,"column":38}},"47":{"start":{"line":121,"column":6},"end":{"line":121,"column":46}},"48":{"start":{"line":122,"column":6},"end":{"line":122,"column":32}},"49":{"start":{"line":124,"column":9},"end":{"line":166,"column":3}},"50":{"start":{"line":125,"column":4},"end":{"line":125,"column":70}},"51":{"start":{"line":126,"column":4},"end":{"line":128,"column":5}},"52":{"start":{"line":127,"column":6},"end":{"line":127,"column":72}},"53":{"start":{"line":129,"column":4},"end":{"line":129,"column":29}},"54":{"start":{"line":130,"column":9},"end":{"line":166,"column":3}},"55":{"start":{"line":131,"column":4},"end":{"line":131,"column":73}},"56":{"start":{"line":132,"column":4},"end":{"line":134,"column":5}},"57":{"start":{"line":133,"column":6},"end":{"line":133,"column":72}},"58":{"start":{"line":135,"column":4},"end":{"line":135,"column":32}},"59":{"start":{"line":137,"column":4},"end":{"line":137,"column":49}},"60":{"start":{"line":138,"column":4},"end":{"line":138,"column":58}},"61":{"start":{"line":139,"column":4},"end":{"line":139,"column":49}},"62":{"start":{"line":140,"column":4},"end":{"line":140,"column":29}},"63":{"start":{"line":142,"column":4},"end":{"line":165,"column":5}},"64":{"start":{"line":144,"column":6},"end":{"line":147,"column":7}},"65":{"start":{"line":146,"column":8},"end":{"line":146,"column":39}},"66":{"start":{"line":149,"column":6},"end":{"line":162,"column":7}},"67":{"start":{"line":152,"column":8},"end":{"line":152,"column":59}},"68":{"start":{"line":154,"column":8},"end":{"line":156,"column":9}},"69":{"start":{"line":155,"column":10},"end":{"line":155,"column":41}},"70":{"start":{"line":158,"column":8},"end":{"line":158,"column":41}},"71":{"start":{"line":161,"column":8},"end":{"line":161,"column":33}},"72":{"start":{"line":164,"column":6},"end":{"line":164,"column":32}},"73":{"start":{"line":169,"column":0},"end":{"line":171,"column":1}},"74":{"start":{"line":170,"column":2},"end":{"line":170,"column":48}},"75":{"start":{"line":173,"column":0},"end":{"line":177,"column":1}},"76":{"start":{"line":174,"column":2},"end":{"line":174,"column":39}},"77":{"start":{"line":175,"column":2},"end":{"line":175,"column":13}},"78":{"start":{"line":176,"column":2},"end":{"line":176,"column":12}},"79":{"start":{"line":179,"column":0},"end":{"line":188,"column":1}},"80":{"start":{"line":180,"column":2},"end":{"line":186,"column":3}},"81":{"start":{"line":181,"column":4},"end":{"line":185,"column":5}},"82":{"start":{"line":182,"column":6},"end":{"line":184,"column":7}},"83":{"start":{"line":183,"column":8},"end":{"line":183,"column":19}},"84":{"start":{"line":187,"column":2},"end":{"line":187,"column":14}}},"branchMap":{"1":{"line":14,"type":"binary-expr","locations":[{"start":{"line":14,"column":14},"end":{"line":14,"column":27}},{"start":{"line":14,"column":31},"end":{"line":14,"column":36}}]},"2":{"line":25,"type":"if","locations":[{"start":{"line":25,"column":4},"end":{"line":25,"column":4}},{"start":{"line":25,"column":4},"end":{"line":25,"column":4}}]},"3":{"line":37,"type":"cond-expr","locations":[{"start":{"line":37,"column":47},"end":{"line":37,"column":58}},{"start":{"line":37,"column":61},"end":{"line":37,"column":63}}]},"4":{"line":67,"type":"cond-expr","locations":[{"start":{"line":67,"column":49},"end":{"line":67,"column":60}},{"start":{"line":67,"column":63},"end":{"line":67,"column":65}}]},"5":{"line":85,"type":"if","locations":[{"start":{"line":85,"column":2},"end":{"line":85,"column":2}},{"start":{"line":85,"column":2},"end":{"line":85,"column":2}}]},"6":{"line":85,"type":"binary-expr","locations":[{"start":{"line":85,"column":6},"end":{"line":85,"column":15}},{"start":{"line":85,"column":19},"end":{"line":85,"column":49}}]},"7":{"line":101,"type":"if","locations":[{"start":{"line":101,"column":2},"end":{"line":101,"column":2}},{"start":{"line":101,"column":2},"end":{"line":101,"column":2}}]},"8":{"line":101,"type":"binary-expr","locations":[{"start":{"line":101,"column":6},"end":{"line":101,"column":36}},{"start":{"line":101,"column":40},"end":{"line":101,"column":95}}]},"9":{"line":102,"type":"cond-expr","locations":[{"start":{"line":103,"column":8},"end":{"line":103,"column":49}},{"start":{"line":104,"column":8},"end":{"line":104,"column":56}}]},"10":{"line":106,"type":"if","locations":[{"start":{"line":106,"column":4},"end":{"line":106,"column":4}},{"start":{"line":106,"column":4},"end":{"line":106,"column":4}}]},"11":{"line":124,"type":"if","locations":[{"start":{"line":124,"column":9},"end":{"line":124,"column":9}},{"start":{"line":124,"column":9},"end":{"line":124,"column":9}}]},"12":{"line":126,"type":"if","locations":[{"start":{"line":126,"column":4},"end":{"line":126,"column":4}},{"start":{"line":126,"column":4},"end":{"line":126,"column":4}}]},"13":{"line":130,"type":"if","locations":[{"start":{"line":130,"column":9},"end":{"line":130,"column":9}},{"start":{"line":130,"column":9},"end":{"line":130,"column":9}}]},"14":{"line":132,"type":"if","locations":[{"start":{"line":132,"column":4},"end":{"line":132,"column":4}},{"start":{"line":132,"column":4},"end":{"line":132,"column":4}}]},"15":{"line":142,"type":"if","locations":[{"start":{"line":142,"column":4},"end":{"line":142,"column":4}},{"start":{"line":142,"column":4},"end":{"line":142,"column":4}}]},"16":{"line":142,"type":"binary-expr","locations":[{"start":{"line":142,"column":8},"end":{"line":142,"column":14}},{"start":{"line":142,"column":18},"end":{"line":142,"column":35}}]},"17":{"line":144,"type":"if","locations":[{"start":{"line":144,"column":6},"end":{"line":144,"column":6}},{"start":{"line":144,"column":6},"end":{"line":144,"column":6}}]},"18":{"line":149,"type":"if","locations":[{"start":{"line":149,"column":6},"end":{"line":149,"column":6}},{"start":{"line":149,"column":6},"end":{"line":149,"column":6}}]},"19":{"line":149,"type":"binary-expr","locations":[{"start":{"line":149,"column":10},"end":{"line":149,"column":47}},{"start":{"line":149,"column":51},"end":{"line":149,"column":60}}]},"20":{"line":154,"type":"if","locations":[{"start":{"line":154,"column":8},"end":{"line":154,"column":8}},{"start":{"line":154,"column":8},"end":{"line":154,"column":8}}]},"21":{"line":180,"type":"if","locations":[{"start":{"line":180,"column":2},"end":{"line":180,"column":2}},{"start":{"line":180,"column":2},"end":{"line":180,"column":2}}]},"22":{"line":182,"type":"if","locations":[{"start":{"line":182,"column":6},"end":{"line":182,"column":6}},{"start":{"line":182,"column":6},"end":{"line":182,"column":6}}]}},"code":["var h = require('micro-css/h')(require('virtual-dom/h'))","var send = require('value-event/event')","","var MPE = require('lib/mouse-position-event.js')","var nextTick = require('next-tick')","var importSample = require('lib/import-sample')","var extend = require('xtend/immutable')","","module.exports = SlotChooser","","function SlotChooser(chunk, spawnSlot){","","  var triggers = []","  var shape = chunk.shape() || [1,1]","  var selectedSlotId = chunk.selectedSlotId()","  var slots = chunk.context.slotLookup","  var length = shape[0] * shape[1]","","  for (var i=0;i<length;i++){","    var id = String(i)","    var slot = slots.get(id)","    var width = (100 / shape[1]) + '%'","    var dragInfo = { collection: chunk.slots, id: id, select: chunk.selectedSlotId.set, spawnSlot: spawnSlot, chunk: chunk }","","    if (slot){","      triggers.push(","        h('div.slot', {","          'draggable': true,","","          'ev-dragstart': MPE(dragStart, dragInfo),","          'ev-dragend': MPE(dragEnd, dragInfo),","          'ev-dragover': MPE(dragOver, dragInfo),","          'ev-dragleave': MPE(dragLeave, dragInfo),","          'ev-drop': MPE(drop, dragInfo),","","          'style': {width: width},","          'className': selectedSlotId === id ? '-selected' : '',","          'ev-click': send(chunk.selectedSlotId.set, id)","        }, [","          id,","          h('button.remove', {","            'ev-click': send(chunk.slots.remove, slot),","          }, 'X')","        ])","      )","    } else {","      triggers.push(","        h('div.slot -spawn', {","          'style': {width: width},","","          'ev-dragover': MPE(dragOver, dragInfo),","          'ev-dragleave': MPE(dragLeave, dragInfo),","          'ev-drop': MPE(drop, dragInfo),","","          'ev-click': send(spawnSlot, { id: id, chunk: chunk })","        }, '+ trigger')","      )","    }","","","  }","","  return h('SlotChooser', [","    triggers,","    h('div.spacer'),","    h('div.slot -output', {","      'className': selectedSlotId === 'output' ? '-selected' : '',","      'ev-click': send(chunk.selectedSlotId.set, 'output')","    }, 'output')","  ])","}","","var currentDrag = null","","function dragStart(ev){","  currentDrag = ev.data","}","","function dragEnd(ev){","  currentDrag = null","}","","function dragOver(ev){","  ev.currentTarget.classList.add('-dragOver')","  if (ev.altKey || containsFiles(ev.dataTransfer)) {","    ev.dataTransfer.dropEffect = 'copy'","  } else {","    ev.dataTransfer.dropEffect = 'move'","  }","  ev.event.preventDefault()","}","","function drop(ev){","  dragLeave(ev)","  ev.event.preventDefault()","","  var targetCollection = ev.data.collection","  var targetLookup = targetCollection.context.slotLookup","  var target = targetLookup.get(ev.data.id)","","  if (containsFiles(ev.dataTransfer) || ev.dataTransfer.types.includes('loop-drop/sample-path')) {","    var path = ev.dataTransfer.items[0].kind === 'file'","      ? ev.dataTransfer.items[0].getAsFile().path","      : ev.dataTransfer.getData('loop-drop/sample-path')","","    if (target){","      targetCollection.remove(target)","    }","","    var node = targetCollection.push({","      id: ev.data.id,","      node: 'slot',","      output: 'output',","      sources: [","        { node: 'source/sample', mode: 'oneshot' }","      ]","    })","","    importSample(targetCollection.context, path, function (err, descriptor) {","      var player = node.sources.get(0)","      player.set(extend(player(), descriptor))","      ev.data.select(ev.data.id)","    })","  } else if (ev.dataTransfer.types.includes('loop-drop/source')) {","    var data = JSON.parse(ev.dataTransfer.getData('loop-drop/source'))","    if (!target) {","      target = ev.data.spawnSlot({id: ev.data.id, chunk: ev.data.chunk})","    }","    target.sources.push(data)","  } else if (ev.dataTransfer.types.includes('loop-drop/processor')) {","    var data = JSON.parse(ev.dataTransfer.getData('loop-drop/processor'))","    if (!target) {","      target = ev.data.spawnSlot({id: ev.data.id, chunk: ev.data.chunk})","    }","    target.processors.push(data)","  } else {","    var sourceCollection = currentDrag.collection","    var sourceLookup = sourceCollection.context.slotLookup","    var source = sourceLookup.get(currentDrag.id)","    var isCopying = ev.altKey","","    if (source && source !== target){","","      if (target){","        // clear out existing","        targetCollection.remove(target)","      }","","      if (sourceCollection !== targetCollection || isCopying){","","        // move to different collection","        var descriptor = obtainWithId(ev.data.id, source())","","        if (!isCopying){","          sourceCollection.remove(source)","        }","","        targetCollection.push(descriptor)","","      } else {","        source.id.set(ev.data.id)","      }","","      ev.data.select(ev.data.id)","    }","  }","}","","function dragLeave(ev){","  ev.currentTarget.classList.remove('-dragOver')","}","","function obtainWithId(id, obj){","  obj = JSON.parse(JSON.stringify(obj))","  obj.id = id","  return obj","}","","function containsFiles(transfer) {","  if (transfer.types) {","    for (var i = 0; i < event.dataTransfer.types.length; i++) {","      if (event.dataTransfer.types[i] == \"Files\") {","        return true","      }","    }","  }","  return false","}",""],"l":{"1":1,"2":1,"4":1,"5":1,"6":1,"7":1,"9":1,"11":1,"13":0,"14":0,"15":0,"16":0,"17":0,"19":0,"20":0,"21":0,"22":0,"23":0,"25":0,"26":0,"47":0,"63":0,"73":1,"75":1,"76":0,"79":1,"80":0,"83":1,"84":0,"85":0,"86":0,"88":0,"90":0,"93":1,"94":0,"95":0,"97":0,"98":0,"99":0,"101":0,"102":0,"106":0,"107":0,"110":0,"119":0,"120":0,"121":0,"122":0,"124":0,"125":0,"126":0,"127":0,"129":0,"130":0,"131":0,"132":0,"133":0,"135":0,"137":0,"138":0,"139":0,"140":0,"142":0,"144":0,"146":0,"149":0,"152":0,"154":0,"155":0,"158":0,"161":0,"164":0,"169":1,"170":0,"173":1,"174":0,"175":0,"176":0,"179":1,"180":0,"181":0,"182":0,"183":0,"187":0}}}